nohup: ignoring input
2026-05-10 14:22:20 🧬 optimized=Chime integrity=0.953935
2026-05-10 14:22:30 🧬 optimized=Cloud9 integrity=1.18529
2026-05-10 14:22:40 🧬 optimized=CloudFront integrity=0.825623
2026-05-10 14:22:50 🧬 optimized=CloudTrail integrity=1.05974
2026-05-10 14:23:00 🧬 optimized=CloudWatch integrity=1.09242
2026-05-10 14:23:10 🧬 optimized=CodeArtifact integrity=0.929456
2026-05-10 14:23:20 🧬 optimized=CodeBuild integrity=0.963719
2026-05-10 14:23:30 🧬 optimized=CodeCommit integrity=0.797904
2026-05-10 14:23:40 🧬 optimized=CodePipeline integrity=1.03231
2026-05-10 14:23:50 🧬 optimized=CodeWhisperer integrity=0.867073
2026-05-10 14:24:00 🧬 optimized=Comprehend integrity=0.900291
2026-05-10 14:24:10 🧬 optimized=Config integrity=1.13217
2026-05-10 14:24:20 🧬 optimized=Connect integrity=1.16798
2026-05-10 14:24:30 🧬 optimized=CostExplorer integrity=0.801726
2026-05-10 14:24:40 🧬 optimized=DMS integrity=1.0
2026-05-10 14:24:51 🧬 optimized=DataPipeline integrity=1.0
2026-05-10 14:25:01 🧬 optimized=DataSync integrity=1.0
2026-05-10 14:25:11 🧬 optimized=Detective integrity=1.0
2026-05-10 14:25:21 🧬 optimized=DeviceFarm integrity=1.0
2026-05-10 14:25:31 🧬 optimized=DirectConnect integrity=1.0
2026-05-10 14:25:41 🧬 optimized=DocumentDB integrity=1.0
2026-05-10 14:25:51 🧬 optimized=DynamoDB integrity=1.0
2026-05-10 14:26:01 🧬 optimized=EC2 integrity=1.0
2026-05-10 14:26:11 🧬 optimized=ECS integrity=1.0
2026-05-10 14:26:21 🧬 optimized=EKS integrity=1.0
2026-05-10 14:26:31 🧬 optimized=ELB integrity=1.0
2026-05-10 14:26:41 🧬 optimized=EMR integrity=1.0
2026-05-10 14:26:51 🧬 optimized=ElastiCache integrity=0.779691
2026-05-10 14:27:01 🧬 optimized=ElasticBeanstalk integrity=0.827126
2026-05-10 14:27:11 🧬 optimized=ElasticTranscoder integrity=0.793978
2026-05-10 14:27:21 🧬 optimized=FSx integrity=0.801224
2026-05-10 14:27:31 🧬 optimized=FirewallManager integrity=0.808164
2026-05-10 14:27:41 🧬 optimized=FraudDetector integrity=0.814719
2026-05-10 14:27:51 🧬 optimized=GameLift integrity=0.821983
2026-05-10 14:28:02 🧬 optimized=Glacier integrity=0.858187
2026-05-10 14:28:12 🧬 optimized=GlobalAccelerator integrity=0.784467
2026-05-10 14:28:22 🧬 optimized=GuardDuty integrity=0.791108
2026-05-10 14:28:32 🧬 optimized=Health integrity=0.838493
2026-05-10 14:28:42 🧬 optimized=IAM integrity=0.845049
2026-05-10 14:28:52 🧬 optimized=IVS integrity=0.851826
2026-05-10 14:29:03 🧬 optimized=Inspector integrity=0.799344
2026-05-10 14:29:13 🧬 optimized=InternetGateway integrity=0.846891
2026-05-10 14:29:23 🧬 optimized=IoTAnalytics integrity=0.774891
2026-05-10 14:29:33 🧬 optimized=IoTCore integrity=0.782456
2026-05-10 14:29:43 🧬 optimized=IoTDeviceDefender integrity=0.789781
2026-05-10 14:29:51 🧬 optimized=IoTGreengrass integrity=0.820059
2026-05-10 14:30:01 🧬 optimized=IoTRoboRunner integrity=0.787343
2026-05-10 14:30:11 🧬 optimized=IoTSiteWise integrity=0.834187
2026-05-10 14:30:21 🧬 optimized=KMS integrity=0.801468
2026-05-10 14:30:31 🧬 optimized=Kendra integrity=0.848612
2026-05-10 14:30:41 🧬 optimized=Keyspaces integrity=0.806335
2026-05-10 14:30:51 🧬 optimized=LakeFormation integrity=0.814438
2026-05-10 14:31:01 🧬 optimized=Lambda integrity=0.77336
2026-05-10 14:31:11 🧬 optimized=Lex integrity=0.8494
2026-05-10 14:31:21 🧬 optimized=LicenseManager integrity=0.8518
2026-05-10 14:31:31 🧬 optimized=Lightsail integrity=0.8467
2026-05-10 14:31:41 🧬 optimized=Lightsails integrity=0.8449
2026-05-10 14:31:51 🧬 optimized=LocalZones integrity=0.8482
2026-05-10 14:32:02 🧬 optimized=MSK integrity=0.8506
2026-05-10 14:32:12 🧬 optimized=Macie integrity=0.853
2026-05-10 14:32:22 🧬 optimized=ManagedBlockchain integrity=0.8548
2026-05-10 14:32:32 🧬 optimized=Marketplace integrity=1.0
2026-05-10 14:32:42 🧬 optimized=MediaConvert integrity=1.0
2026-05-10 14:32:52 🧬 optimized=MediaPackage integrity=1.0
2026-05-10 14:33:02 🧬 optimized=MediaStore integrity=1.0
2026-05-10 14:33:12 🧬 optimized=MediaTailor integrity=1.0
2026-05-10 14:33:22 🧬 optimized=NATGateway integrity=1.0
2026-05-10 14:33:32 🧬 optimized=Neptune integrity=1.0
2026-05-10 14:33:42 🧬 optimized=NimbleStudio integrity=1.0
2026-05-10 14:33:52 🧬 optimized=OpenSearch integrity=1.0
2026-05-10 14:34:02 🧬 optimized=Panorama integrity=1.0
2026-05-10 14:34:12 🧬 optimized=Personalize integrity=1.0
2026-05-10 14:34:22 🧬 optimized=Pinpoint integrity=1.0
2026-05-10 14:34:33 🧬 optimized=Polly integrity=1.0
2026-05-10 14:34:43 🧬 optimized=PrivateLink integrity=1.0
2026-05-10 14:34:53 🧬 optimized=Proton integrity=1.0
2026-05-10 14:35:03 🧬 optimized=QLDB integrity=1.0
2026-05-10 14:35:13 🧬 optimized=QuantumLedger integrity=1.0
2026-05-10 14:35:23 🧬 optimized=RAM integrity=1.0
2026-05-10 14:35:33 🧬 optimized=Rekognition integrity=1.0
2026-05-10 14:35:43 🧬 optimized=ResourceGroups integrity=1.0
2026-05-10 14:35:53 🧬 optimized=RoboMaker integrity=1.0
2026-05-10 14:36:03 🧬 optimized=Route53 integrity=1.0
2026-05-10 14:36:13 🧬 optimized=SES integrity=1.0
2026-05-10 14:36:24 🧬 optimized=SQS integrity=1.0
2026-05-10 14:36:34 🧬 optimized=SWF integrity=1.0
2026-05-10 14:36:44 🧬 optimized=SageMaker integrity=1.0
2026-05-10 14:36:54 🧬 optimized=SecurityHub integrity=1.0
2026-05-10 14:37:04 🧬 optimized=ServerMigrationService integrity=1.0
2026-05-10 14:37:14 🧬 optimized=Snowball integrity=1.0
2026-05-10 14:37:24 🧬 optimized=Snowcone integrity=1.0
2026-05-10 14:37:34 🧬 optimized=Snowmobile integrity=1.0
2026-05-10 14:37:44 🧬 optimized=StepFunctions integrity=1.0
2026-05-10 14:37:54 🧬 optimized=SystemsManager integrity=1.0
2026-05-10 14:38:04 🧬 optimized=Textract integrity=1.0
2026-05-10 14:38:14 🧬 optimized=Timestream integrity=1.0
2026-05-10 14:38:24 🧬 optimized=Transcribe integrity=1.0
2026-05-10 14:38:35 🧬 optimized=TransferFamily integrity=1.0
2026-05-10 14:38:45 🧬 optimized=TransitGateway integrity=1.0
2026-05-10 14:38:55 🧬 optimized=Translate integrity=1.0
2026-05-10 14:39:05 🧬 optimized=VPC integrity=1.0
2026-05-10 14:39:15 🧬 optimized=VPN integrity=1.0
2026-05-10 14:39:25 🧬 optimized=WAF integrity=1.0
2026-05-10 14:39:35 🧬 optimized=Wavelength integrity=1.0
2026-05-10 14:39:45 🧬 optimized=WellArchitected integrity=1.0
2026-05-10 14:39:55 🧬 optimized=WorkDocs integrity=1.0
2026-05-10 14:40:05 🧬 optimized=WorkMail integrity=1.0
2026-05-10 14:40:15 🧬 optimized=WorkSpaces integrity=1.0
2026-05-10 14:40:25 🧬 optimized=XRay integrity=1.0
2026-05-10 14:40:35 ✅ all available services already optimized integrity=1.0
2026-05-10 14:40:45 ✅ all available services already optimized integrity=1.0
2026-05-10 14:40:55 ✅ all available services already optimized integrity=1.0
2026-05-10 14:41:05 ✅ all available services already optimized integrity=1.0
2026-05-10 14:41:15 ✅ all available services already optimized integrity=1.0
2026-05-10 14:41:25 ✅ all available services already optimized integrity=1.0
2026-05-10 14:41:35 ✅ all available services already optimized integrity=1.0
2026-05-10 14:41:46 ✅ all available services already optimized integrity=1.0
2026-05-10 14:41:56 ✅ all available services already optimized integrity=1.0
2026-05-10 14:42:06 ✅ all available services already optimized integrity=1.0
2026-05-10 14:42:16 ✅ all available services already optimized integrity=1.0
2026-05-10 14:42:26 ✅ all available services already optimized integrity=1.0
2026-05-10 14:42:36 ✅ all available services already optimized integrity=1.0
2026-05-10 14:42:46 ✅ all available services already optimized integrity=1.0
2026-05-10 14:42:56 ✅ all available services already optimized integrity=1.0
2026-05-10 14:43:06 ✅ all available services already optimized integrity=1.0
2026-05-10 14:43:16 ✅ all available services already optimized integrity=1.0
2026-05-10 14:43:26 ✅ all available services already optimized integrity=1.0
2026-05-10 14:43:36 ✅ all available services already optimized integrity=1.0
2026-05-10 14:43:46 ✅ all available services already optimized integrity=1.0
2026-05-10 14:43:56 ✅ all available services already optimized integrity=1.0
2026-05-10 14:44:06 ✅ all available services already optimized integrity=1.0
2026-05-10 14:44:16 ✅ all available services already optimized integrity=1.0
2026-05-10 14:44:26 ✅ all available services already optimized integrity=1.0
2026-05-10 14:44:36 ✅ all available services already optimized integrity=1.0
2026-05-10 14:44:46 ✅ all available services already optimized integrity=1.0
2026-05-10 14:44:56 ✅ all available services already optimized integrity=1.0
2026-05-10 14:45:06 ✅ all available services already optimized integrity=1.0
2026-05-10 14:45:16 ✅ all available services already optimized integrity=1.0
2026-05-10 14:45:26 ✅ all available services already optimized integrity=1.0
2026-05-10 14:45:36 ✅ all available services already optimized integrity=1.0
2026-05-10 14:45:46 ✅ all available services already optimized integrity=1.0
2026-05-10 14:45:56 ✅ all available services already optimized integrity=1.0
2026-05-10 14:46:06 ✅ all available services already optimized integrity=1.0
2026-05-10 14:46:16 ✅ all available services already optimized integrity=1.0
2026-05-10 14:46:26 ✅ all available services already optimized integrity=1.0
2026-05-10 14:46:36 ✅ all available services already optimized integrity=1.0
2026-05-10 14:46:46 ✅ all available services already optimized integrity=1.0
2026-05-10 14:46:56 ✅ all available services already optimized integrity=1.0
2026-05-10 14:47:06 ✅ all available services already optimized integrity=1.0
2026-05-10 14:47:16 ✅ all available services already optimized integrity=1.0
2026-05-10 14:47:26 ✅ all available services already optimized integrity=1.0
2026-05-10 14:47:37 ✅ all available services already optimized integrity=1.0
2026-05-10 14:47:47 ✅ all available services already optimized integrity=1.0
2026-05-10 14:47:57 ✅ all available services already optimized integrity=1.0
2026-05-10 14:48:07 ✅ all available services already optimized integrity=1.0
2026-05-10 14:48:17 ✅ all available services already optimized integrity=1.0
2026-05-10 14:48:27 ✅ all available services already optimized integrity=1.0
2026-05-10 14:48:37 ✅ all available services already optimized integrity=1.0
2026-05-10 14:48:47 ✅ all available services already optimized integrity=1.0
2026-05-10 14:48:57 ✅ all available services already optimized integrity=1.0
2026-05-10 14:49:07 ✅ all available services already optimized integrity=1.0
2026-05-10 14:49:17 ✅ all available services already optimized integrity=1.0
2026-05-10 14:49:27 ✅ all available services already optimized integrity=1.0
2026-05-10 14:49:37 ✅ all available services already optimized integrity=1.0
2026-05-10 14:49:47 ✅ all available services already optimized integrity=1.0
2026-05-10 14:49:57 ✅ all available services already optimized integrity=1.0
2026-05-10 14:50:07 ✅ all available services already optimized integrity=1.0
2026-05-10 14:50:17 ✅ all available services already optimized integrity=1.0
2026-05-10 14:50:27 ✅ all available services already optimized integrity=1.0
2026-05-10 14:50:37 ✅ all available services already optimized integrity=1.0
2026-05-10 14:50:47 ✅ all available services already optimized integrity=1.0
2026-05-10 14:50:57 ✅ all available services already optimized integrity=1.0
2026-05-10 14:51:07 ✅ all available services already optimized integrity=1.0
2026-05-10 14:51:17 ✅ all available services already optimized integrity=1.0
2026-05-10 14:51:28 ✅ all available services already optimized integrity=1.0
2026-05-10 14:51:38 ✅ all available services already optimized integrity=1.0
2026-05-10 14:51:48 ✅ all available services already optimized integrity=1.0
2026-05-10 14:51:58 ✅ all available services already optimized integrity=1.0
2026-05-10 14:52:08 ✅ all available services already optimized integrity=1.0
2026-05-10 14:52:18 ✅ all available services already optimized integrity=1.0
2026-05-10 14:52:28 ✅ all available services already optimized integrity=1.0
2026-05-10 14:52:38 ✅ all available services already optimized integrity=1.0
2026-05-10 14:52:48 ✅ all available services already optimized integrity=1.0
2026-05-10 14:52:58 ✅ all available services already optimized integrity=1.0
2026-05-10 14:53:08 ✅ all available services already optimized integrity=1.0
2026-05-10 14:53:18 ✅ all available services already optimized integrity=1.0
2026-05-10 14:53:28 ✅ all available services already optimized integrity=1.0
2026-05-10 14:53:38 ✅ all available services already optimized integrity=1.0
2026-05-10 14:53:48 ✅ all available services already optimized integrity=1.0
2026-05-10 14:53:58 ✅ all available services already optimized integrity=1.0
2026-05-10 14:54:08 ✅ all available services already optimized integrity=1.0
2026-05-10 14:54:18 ✅ all available services already optimized integrity=1.0
2026-05-10 14:54:28 ✅ all available services already optimized integrity=1.0
2026-05-10 14:54:38 ✅ all available services already optimized integrity=1.0
2026-05-10 14:54:48 ✅ all available services already optimized integrity=1.0
2026-05-10 14:54:58 ✅ all available services already optimized integrity=1.0
2026-05-10 14:55:08 ✅ all available services already optimized integrity=1.0
2026-05-10 14:55:18 ✅ all available services already optimized integrity=1.0
2026-05-10 14:55:28 ✅ all available services already optimized integrity=1.0
2026-05-10 14:55:38 ✅ all available services already optimized integrity=1.0
2026-05-10 14:55:48 ✅ all available services already optimized integrity=1.0
2026-05-10 14:55:58 ✅ all available services already optimized integrity=1.0
2026-05-10 14:56:08 ✅ all available services already optimized integrity=1.0
2026-05-10 14:56:18 ✅ all available services already optimized integrity=1.0
2026-05-10 14:56:28 ✅ all available services already optimized integrity=1.0
2026-05-10 14:56:38 ✅ all available services already optimized integrity=1.0
2026-05-10 14:56:48 ✅ all available services already optimized integrity=1.0
2026-05-10 14:56:58 ✅ all available services already optimized integrity=1.0
2026-05-10 14:57:08 ✅ all available services already optimized integrity=1.0
2026-05-10 14:57:19 ✅ all available services already optimized integrity=1.0
2026-05-10 14:57:29 ✅ all available services already optimized integrity=1.0
2026-05-10 14:57:39 ✅ all available services already optimized integrity=1.0
2026-05-10 14:57:49 ✅ all available services already optimized integrity=1.0
2026-05-10 14:57:59 ✅ all available services already optimized integrity=1.0
2026-05-10 14:58:09 ✅ all available services already optimized integrity=1.0
2026-05-10 14:58:19 ✅ all available services already optimized integrity=1.0
2026-05-10 14:58:29 ✅ all available services already optimized integrity=1.0
2026-05-10 14:58:39 ✅ all available services already optimized integrity=1.0
2026-05-10 14:58:49 ✅ all available services already optimized integrity=1.0
2026-05-10 14:58:59 ✅ all available services already optimized integrity=1.0
2026-05-10 14:59:09 ✅ all available services already optimized integrity=1.0
2026-05-10 14:59:19 ✅ all available services already optimized integrity=1.0
2026-05-10 14:59:29 ✅ all available services already optimized integrity=1.0
2026-05-10 14:59:39 ✅ all available services already optimized integrity=1.0
2026-05-10 14:59:49 ✅ all available services already optimized integrity=1.0
2026-05-10 14:59:59 ✅ all available services already optimized integrity=1.0
2026-05-10 15:00:09 ✅ all available services already optimized integrity=1.0
2026-05-10 15:00:19 ✅ all available services already optimized integrity=1.0
2026-05-10 15:00:29 ✅ all available services already optimized integrity=1.0
2026-05-10 15:00:39 ✅ all available services already optimized integrity=1.0
2026-05-10 15:00:49 ✅ all available services already optimized integrity=1.0
2026-05-10 15:00:59 ✅ all available services already optimized integrity=1.0
2026-05-10 15:01:09 ✅ all available services already optimized integrity=1.0
2026-05-10 15:01:19 ✅ all available services already optimized integrity=1.0
2026-05-10 15:01:29 ✅ all available services already optimized integrity=1.0
2026-05-10 15:01:40 ✅ all available services already optimized integrity=1.0
2026-05-10 15:01:50 ✅ all available services already optimized integrity=1.0
2026-05-10 15:02:00 ✅ all available services already optimized integrity=1.0
2026-05-10 15:02:10 ✅ all available services already optimized integrity=1.0
2026-05-10 15:02:20 ✅ all available services already optimized integrity=1.0
2026-05-10 15:02:30 ✅ all available services already optimized integrity=1.0
2026-05-10 15:02:40 ✅ all available services already optimized integrity=1.0
2026-05-10 15:02:50 ✅ all available services already optimized integrity=1.0
2026-05-10 15:03:00 ✅ all available services already optimized integrity=1.0
2026-05-10 15:03:10 ✅ all available services already optimized integrity=1.0
2026-05-10 15:03:20 ✅ all available services already optimized integrity=1.0
2026-05-10 15:03:30 ✅ all available services already optimized integrity=1.0
2026-05-10 15:03:40 ✅ all available services already optimized integrity=1.0
2026-05-10 15:03:50 ✅ all available services already optimized integrity=1.0
2026-05-10 15:04:00 ✅ all available services already optimized integrity=1.0
2026-05-10 15:04:10 ✅ all available services already optimized integrity=1.0
2026-05-10 15:04:20 ✅ all available services already optimized integrity=1.0
2026-05-10 15:04:30 ✅ all available services already optimized integrity=1.0
2026-05-10 15:04:40 ✅ all available services already optimized integrity=1.0
2026-05-10 15:04:50 ✅ all available services already optimized integrity=1.0
2026-05-10 15:05:00 ✅ all available services already optimized integrity=1.0
2026-05-10 15:05:10 ✅ all available services already optimized integrity=1.0
2026-05-10 15:05:20 ✅ all available services already optimized integrity=1.0
2026-05-10 15:05:30 ✅ all available services already optimized integrity=1.0
2026-05-10 15:05:40 ✅ all available services already optimized integrity=1.0
2026-05-10 15:05:50 ✅ all available services already optimized integrity=1.0
2026-05-10 15:06:00 ✅ all available services already optimized integrity=1.0
2026-05-10 15:06:10 ✅ all available services already optimized integrity=1.0
2026-05-10 15:06:20 ✅ all available services already optimized integrity=1.0
2026-05-10 15:06:30 ✅ all available services already optimized integrity=1.0
2026-05-10 15:06:41 ✅ all available services already optimized integrity=1.0
2026-05-10 15:06:51 ✅ all available services already optimized integrity=1.0
2026-05-10 15:07:01 ✅ all available services already optimized integrity=1.0
2026-05-10 15:07:11 ✅ all available services already optimized integrity=1.0
2026-05-10 15:07:21 ✅ all available services already optimized integrity=1.0
2026-05-10 15:07:31 ✅ all available services already optimized integrity=1.0
2026-05-10 15:07:41 ✅ all available services already optimized integrity=1.0
2026-05-10 15:07:51 ✅ all available services already optimized integrity=1.0
2026-05-10 15:08:01 ✅ all available services already optimized integrity=1.0
2026-05-10 15:08:11 ✅ all available services already optimized integrity=1.0
2026-05-10 15:08:21 ✅ all available services already optimized integrity=1.0
2026-05-10 15:08:31 ✅ all available services already optimized integrity=1.0
2026-05-10 15:08:41 ✅ all available services already optimized integrity=1.0
2026-05-10 15:08:51 ✅ all available services already optimized integrity=1.0
2026-05-10 15:09:01 ✅ all available services already optimized integrity=1.0
2026-05-10 15:09:11 ✅ all available services already optimized integrity=1.0
2026-05-10 15:09:21 ✅ all available services already optimized integrity=1.0
2026-05-10 15:09:31 ✅ all available services already optimized integrity=1.0
2026-05-10 15:09:41 ✅ all available services already optimized integrity=1.0
2026-05-10 15:09:51 ✅ all available services already optimized integrity=1.0
2026-05-10 15:10:02 ✅ all available services already optimized integrity=1.0
2026-05-10 15:10:12 ✅ all available services already optimized integrity=1.0
2026-05-10 15:10:22 ✅ all available services already optimized integrity=1.0
2026-05-10 15:10:32 ✅ all available services already optimized integrity=1.0
2026-05-10 15:10:42 ✅ all available services already optimized integrity=1.0
2026-05-10 15:10:52 ✅ all available services already optimized integrity=1.0
2026-05-10 15:11:02 ✅ all available services already optimized integrity=1.0
2026-05-10 15:11:12 ✅ all available services already optimized integrity=1.0
2026-05-10 15:11:22 ✅ all available services already optimized integrity=1.0
2026-05-10 15:11:32 ✅ all available services already optimized integrity=1.0
2026-05-10 15:11:42 ✅ all available services already optimized integrity=1.0
2026-05-10 15:11:52 ✅ all available services already optimized integrity=1.0
2026-05-10 15:12:02 ✅ all available services already optimized integrity=1.0
2026-05-10 15:12:12 ✅ all available services already optimized integrity=1.0
2026-05-10 15:12:22 ✅ all available services already optimized integrity=1.0
2026-05-10 15:12:33 ✅ all available services already optimized integrity=1.0
2026-05-10 15:12:43 ✅ all available services already optimized integrity=1.0
2026-05-10 15:12:53 ✅ all available services already optimized integrity=1.0
2026-05-10 15:13:03 ✅ all available services already optimized integrity=1.0
2026-05-10 15:13:13 ✅ all available services already optimized integrity=1.0
2026-05-10 15:13:23 ✅ all available services already optimized integrity=1.0
2026-05-10 15:13:33 ✅ all available services already optimized integrity=1.0
2026-05-10 15:13:43 ✅ all available services already optimized integrity=1.0
2026-05-10 15:13:53 ✅ all available services already optimized integrity=1.0
2026-05-10 15:14:03 ✅ all available services already optimized integrity=1.0
2026-05-10 15:14:13 ✅ all available services already optimized integrity=1.0
2026-05-10 15:14:23 ✅ all available services already optimized integrity=1.0
2026-05-10 15:14:33 ✅ all available services already optimized integrity=1.0
2026-05-10 15:14:43 ✅ all available services already optimized integrity=1.0
2026-05-10 15:14:53 ✅ all available services already optimized integrity=1.0
2026-05-10 15:15:04 ✅ all available services already optimized integrity=1.0
2026-05-10 15:15:14 ✅ all available services already optimized integrity=1.0
2026-05-10 15:15:24 ✅ all available services already optimized integrity=1.0
2026-05-10 15:15:34 ✅ all available services already optimized integrity=1.0
2026-05-10 15:15:44 ✅ all available services already optimized integrity=1.0
2026-05-10 15:15:54 ✅ all available services already optimized integrity=1.0
2026-05-10 15:16:04 ✅ all available services already optimized integrity=1.0
2026-05-10 15:16:14 ✅ all available services already optimized integrity=1.0
2026-05-10 15:16:24 ✅ all available services already optimized integrity=1.0
2026-05-10 15:16:34 ✅ all available services already optimized integrity=1.0
2026-05-10 15:16:44 ✅ all available services already optimized integrity=1.0
2026-05-10 15:16:54 ✅ all available services already optimized integrity=1.0
2026-05-10 15:17:04 ✅ all available services already optimized integrity=1.0
2026-05-10 15:17:14 ✅ all available services already optimized integrity=1.0
2026-05-10 15:17:24 ✅ all available services already optimized integrity=1.0
2026-05-10 15:17:34 ✅ all available services already optimized integrity=1.0
2026-05-10 15:17:44 ✅ all available services already optimized integrity=1.0
2026-05-10 15:17:54 ✅ all available services already optimized integrity=1.0
2026-05-10 15:18:04 ✅ all available services already optimized integrity=1.0
2026-05-10 15:18:14 ✅ all available services already optimized integrity=1.0
2026-05-10 15:18:24 ✅ all available services already optimized integrity=1.0
2026-05-10 15:18:34 ✅ all available services already optimized integrity=1.0
2026-05-10 15:18:44 ✅ all available services already optimized integrity=1.0
2026-05-10 15:18:55 ✅ all available services already optimized integrity=1.0
2026-05-10 15:19:05 ✅ all available services already optimized integrity=1.0
2026-05-10 15:19:15 ✅ all available services already optimized integrity=1.0
2026-05-10 15:19:25 ✅ all available services already optimized integrity=1.0
2026-05-10 15:19:35 ✅ all available services already optimized integrity=1.0
2026-05-10 15:19:45 ✅ all available services already optimized integrity=1.0
2026-05-10 15:19:56 ✅ all available services already optimized integrity=1.0
2026-05-10 15:20:06 ✅ all available services already optimized integrity=1.0
2026-05-10 15:20:16 ✅ all available services already optimized integrity=1.0
2026-05-10 15:20:26 ✅ all available services already optimized integrity=1.0
2026-05-10 15:20:36 ✅ all available services already optimized integrity=1.0
2026-05-10 15:20:46 ✅ all available services already optimized integrity=1.0
2026-05-10 15:20:57 ✅ all available services already optimized integrity=1.0
2026-05-10 15:21:07 ✅ all available services already optimized integrity=1.0
2026-05-10 15:21:17 ✅ all available services already optimized integrity=1.0
2026-05-10 15:21:27 ✅ all available services already optimized integrity=1.0
2026-05-10 15:21:37 ✅ all available services already optimized integrity=1.0
2026-05-10 15:21:47 ✅ all available services already optimized integrity=1.0
2026-05-10 15:21:57 ✅ all available services already optimized integrity=1.0
2026-05-10 15:22:07 ✅ all available services already optimized integrity=1.0
2026-05-10 15:22:17 ✅ all available services already optimized integrity=1.0
2026-05-10 15:22:27 ✅ all available services already optimized integrity=1.0
2026-05-10 15:22:38 ✅ all available services already optimized integrity=1.0
2026-05-10 15:22:48 ✅ all available services already optimized integrity=1.0
2026-05-10 15:22:58 ✅ all available services already optimized integrity=1.0
2026-05-10 15:23:08 ✅ all available services already optimized integrity=1.0
2026-05-10 15:23:18 ✅ all available services already optimized integrity=1.0
2026-05-10 15:23:28 ✅ all available services already optimized integrity=1.0
2026-05-10 15:23:39 ✅ all available services already optimized integrity=1.0
2026-05-10 15:23:49 ✅ all available services already optimized integrity=1.0
2026-05-10 15:23:59 ✅ all available services already optimized integrity=1.0
2026-05-10 15:24:09 ✅ all available services already optimized integrity=1.0
2026-05-10 15:24:19 ✅ all available services already optimized integrity=1.0
2026-05-10 15:24:29 ✅ all available services already optimized integrity=1.0
2026-05-10 15:24:39 ✅ all available services already optimized integrity=1.0
2026-05-10 15:24:49 ✅ all available services already optimized integrity=1.0
2026-05-10 15:24:59 ✅ all available services already optimized integrity=1.0
2026-05-10 15:25:09 ✅ all available services already optimized integrity=1.0
2026-05-10 15:25:19 ✅ all available services already optimized integrity=1.0
2026-05-10 15:25:29 ✅ all available services already optimized integrity=1.0
2026-05-10 15:25:39 ✅ all available services already optimized integrity=1.0
2026-05-10 15:25:49 ✅ all available services already optimized integrity=1.0
2026-05-10 15:25:59 ✅ all available services already optimized integrity=1.0
2026-05-10 15:26:09 ✅ all available services already optimized integrity=1.0
2026-05-10 15:26:19 ✅ all available services already optimized integrity=1.0
2026-05-10 15:26:30 ✅ all available services already optimized integrity=1.0
2026-05-10 15:26:40 ✅ all available services already optimized integrity=1.0
2026-05-10 15:26:50 ✅ all available services already optimized integrity=1.0
2026-05-10 15:27:00 ✅ all available services already optimized integrity=1.0
2026-05-10 15:27:10 ✅ all available services already optimized integrity=1.0
2026-05-10 15:27:20 ✅ all available services already optimized integrity=1.0
2026-05-10 15:27:30 ✅ all available services already optimized integrity=1.0
2026-05-10 15:27:40 ✅ all available services already optimized integrity=1.0
2026-05-10 15:27:50 ✅ all available services already optimized integrity=1.0
2026-05-10 15:28:00 ✅ all available services already optimized integrity=1.0
2026-05-10 15:28:10 ✅ all available services already optimized integrity=1.0
2026-05-10 15:28:20 ✅ all available services already optimized integrity=1.0
2026-05-10 15:28:30 ✅ all available services already optimized integrity=1.0
2026-05-10 15:28:40 ✅ all available services already optimized integrity=1.0
2026-05-10 15:28:50 ✅ all available services already optimized integrity=1.0
2026-05-10 15:29:00 ✅ all available services already optimized integrity=1.0
2026-05-10 15:29:10 ✅ all available services already optimized integrity=1.0
2026-05-10 15:29:20 ✅ all available services already optimized integrity=1.0
2026-05-10 15:29:30 ✅ all available services already optimized integrity=1.0
2026-05-10 15:29:41 ✅ all available services already optimized integrity=1.0
2026-05-10 15:29:51 ✅ all available services already optimized integrity=1.0
2026-05-10 15:30:01 ✅ all available services already optimized integrity=1.0
2026-05-10 15:30:11 ✅ all available services already optimized integrity=1.0
2026-05-10 15:30:21 ✅ all available services already optimized integrity=1.0
2026-05-10 15:30:32 ✅ all available services already optimized integrity=1.0
2026-05-10 15:30:42 ✅ all available services already optimized integrity=1.0
2026-05-10 15:30:52 ✅ all available services already optimized integrity=1.0
2026-05-10 15:31:02 ✅ all available services already optimized integrity=1.0
2026-05-10 15:31:12 ✅ all available services already optimized integrity=1.0
2026-05-10 15:31:22 ✅ all available services already optimized integrity=1.0
2026-05-10 15:31:32 ✅ all available services already optimized integrity=1.0
2026-05-10 15:31:42 ✅ all available services already optimized integrity=1.0
2026-05-10 15:31:52 ✅ all available services already optimized integrity=1.0
2026-05-10 15:32:02 ✅ all available services already optimized integrity=1.0
2026-05-10 15:32:12 ✅ all available services already optimized integrity=1.0
2026-05-10 15:32:22 ✅ all available services already optimized integrity=1.0
2026-05-10 15:32:32 ✅ all available services already optimized integrity=1.0
2026-05-10 15:32:42 ✅ all available services already optimized integrity=1.0
2026-05-10 15:32:52 ✅ all available services already optimized integrity=1.0
2026-05-10 15:33:02 ✅ all available services already optimized integrity=1.0
2026-05-10 15:33:12 ✅ all available services already optimized integrity=1.0
2026-05-10 15:33:22 ✅ all available services already optimized integrity=1.0
2026-05-10 15:33:32 ✅ all available services already optimized integrity=1.0
2026-05-10 15:33:42 ✅ all available services already optimized integrity=1.0
2026-05-10 15:33:52 ✅ all available services already optimized integrity=1.0
2026-05-10 15:34:02 ✅ all available services already optimized integrity=1.0
2026-05-10 15:34:12 ✅ all available services already optimized integrity=1.0
2026-05-10 15:34:22 ✅ all available services already optimized integrity=1.0
2026-05-10 15:34:32 ✅ all available services already optimized integrity=1.0
2026-05-10 15:34:42 ✅ all available services already optimized integrity=1.0
2026-05-10 15:34:52 ✅ all available services already optimized integrity=1.0
2026-05-10 15:35:02 ✅ all available services already optimized integrity=1.0
2026-05-10 15:35:12 ✅ all available services already optimized integrity=1.0
2026-05-10 15:35:22 ✅ all available services already optimized integrity=1.0
2026-05-10 15:35:32 ✅ all available services already optimized integrity=1.0
2026-05-10 15:35:42 ✅ all available services already optimized integrity=1.0
2026-05-10 15:35:52 ✅ all available services already optimized integrity=1.0
2026-05-10 15:36:02 ✅ all available services already optimized integrity=1.0
2026-05-10 15:36:12 ✅ all available services already optimized integrity=1.0
2026-05-10 15:36:22 ✅ all available services already optimized integrity=1.0
2026-05-10 15:36:32 ✅ all available services already optimized integrity=1.0
2026-05-10 15:36:42 ✅ all available services already optimized integrity=1.0
2026-05-10 15:36:52 ✅ all available services already optimized integrity=1.0
2026-05-10 15:37:02 ✅ all available services already optimized integrity=1.0
2026-05-10 15:37:12 ✅ all available services already optimized integrity=1.0
2026-05-10 15:37:22 ✅ all available services already optimized integrity=1.0
2026-05-10 15:37:32 ✅ all available services already optimized integrity=1.0
2026-05-10 15:37:42 ✅ all available services already optimized integrity=1.0
2026-05-10 15:37:52 ✅ all available services already optimized integrity=1.0
2026-05-10 15:38:02 ✅ all available services already optimized integrity=1.0
2026-05-10 15:38:12 ✅ all available services already optimized integrity=1.0
2026-05-10 15:38:22 ✅ all available services already optimized integrity=1.0
2026-05-10 15:38:32 ✅ all available services already optimized integrity=1.0
2026-05-10 15:38:42 ✅ all available services already optimized integrity=1.0
2026-05-10 15:38:52 ✅ all available services already optimized integrity=1.0
2026-05-10 15:39:02 ✅ all available services already optimized integrity=1.0
2026-05-10 15:39:12 ✅ all available services already optimized integrity=1.0
2026-05-10 15:39:22 ✅ all available services already optimized integrity=1.0
2026-05-10 15:39:32 ✅ all available services already optimized integrity=1.0
2026-05-10 15:39:42 ✅ all available services already optimized integrity=1.0
2026-05-10 15:39:52 ✅ all available services already optimized integrity=1.0
2026-05-10 15:40:02 ✅ all available services already optimized integrity=1.0
2026-05-10 15:40:12 ✅ all available services already optimized integrity=1.0
2026-05-10 15:40:22 ✅ all available services already optimized integrity=1.0
2026-05-10 15:40:33 ✅ all available services already optimized integrity=1.0
2026-05-10 15:40:43 ✅ all available services already optimized integrity=1.0
2026-05-10 15:40:53 ✅ all available services already optimized integrity=1.0
2026-05-10 15:41:03 ✅ all available services already optimized integrity=1.0
2026-05-10 15:41:13 ✅ all available services already optimized integrity=1.0
2026-05-10 15:41:23 ✅ all available services already optimized integrity=1.0
2026-05-10 15:41:33 ✅ all available services already optimized integrity=1.0
2026-05-10 15:41:44 ✅ all available services already optimized integrity=1.0
2026-05-10 15:41:54 ✅ all available services already optimized integrity=1.0
2026-05-10 15:42:04 ✅ all available services already optimized integrity=1.0
2026-05-10 15:42:14 ✅ all available services already optimized integrity=1.0
2026-05-10 15:42:24 ✅ all available services already optimized integrity=1.0
2026-05-10 15:42:34 ✅ all available services already optimized integrity=1.0
2026-05-10 15:42:44 ✅ all available services already optimized integrity=1.0
2026-05-10 15:42:54 ✅ all available services already optimized integrity=1.0
2026-05-10 15:43:05 ✅ all available services already optimized integrity=1.0
2026-05-10 15:43:15 ✅ all available services already optimized integrity=1.0
2026-05-10 15:43:25 ✅ all available services already optimized integrity=1.0
2026-05-10 15:43:35 ✅ all available services already optimized integrity=1.0
2026-05-10 15:43:45 ✅ all available services already optimized integrity=1.0
2026-05-10 15:43:55 ✅ all available services already optimized integrity=1.0
2026-05-10 15:44:05 ✅ all available services already optimized integrity=1.0
2026-05-10 15:44:15 ✅ all available services already optimized integrity=1.0
2026-05-10 15:44:25 ✅ all available services already optimized integrity=1.0
2026-05-10 15:44:35 ✅ all available services already optimized integrity=1.0
2026-05-10 15:44:45 ✅ all available services already optimized integrity=1.0
2026-05-10 15:44:55 ✅ all available services already optimized integrity=1.0
2026-05-10 15:45:05 ✅ all available services already optimized integrity=1.0
2026-05-10 15:45:15 ✅ all available services already optimized integrity=1.0
2026-05-10 15:45:25 ✅ all available services already optimized integrity=1.0
2026-05-10 15:45:35 ✅ all available services already optimized integrity=1.0
2026-05-10 15:45:46 ✅ all available services already optimized integrity=1.0
2026-05-10 15:45:56 ✅ all available services already optimized integrity=1.0
2026-05-10 15:46:06 ✅ all available services already optimized integrity=1.0
2026-05-10 15:46:16 ✅ all available services already optimized integrity=1.0
2026-05-10 15:46:26 ✅ all available services already optimized integrity=1.0
2026-05-10 15:46:36 ✅ all available services already optimized integrity=1.0
2026-05-10 15:46:46 ✅ all available services already optimized integrity=1.0
2026-05-10 15:46:56 ✅ all available services already optimized integrity=1.0
2026-05-10 15:47:06 ✅ all available services already optimized integrity=1.0
2026-05-10 15:47:16 ✅ all available services already optimized integrity=1.0
2026-05-10 15:47:26 ✅ all available services already optimized integrity=1.0
2026-05-10 15:47:36 ✅ all available services already optimized integrity=1.0
2026-05-10 15:47:46 ✅ all available services already optimized integrity=1.0
2026-05-10 15:47:56 ✅ all available services already optimized integrity=1.0
2026-05-10 15:48:06 ✅ all available services already optimized integrity=1.0
2026-05-10 15:48:16 ✅ all available services already optimized integrity=1.0
2026-05-10 15:48:26 ✅ all available services already optimized integrity=1.0
2026-05-10 15:48:36 ✅ all available services already optimized integrity=1.0
2026-05-10 15:48:46 ✅ all available services already optimized integrity=1.0
2026-05-10 15:48:56 ✅ all available services already optimized integrity=1.0
2026-05-10 15:49:06 ✅ all available services already optimized integrity=1.0
2026-05-10 15:49:16 ✅ all available services already optimized integrity=1.0
2026-05-10 15:49:27 ✅ all available services already optimized integrity=1.0
2026-05-10 15:49:37 ✅ all available services already optimized integrity=1.0
2026-05-10 15:49:47 ✅ all available services already optimized integrity=1.0
2026-05-10 15:49:57 ✅ all available services already optimized integrity=1.0
2026-05-10 15:50:07 ✅ all available services already optimized integrity=1.0
2026-05-10 15:50:17 ✅ all available services already optimized integrity=1.0
2026-05-10 15:50:27 ✅ all available services already optimized integrity=1.0
2026-05-10 15:50:37 ✅ all available services already optimized integrity=1.0
2026-05-10 15:50:47 ✅ all available services already optimized integrity=1.0
2026-05-10 15:50:57 ✅ all available services already optimized integrity=1.0
2026-05-10 15:51:07 ✅ all available services already optimized integrity=1.0
2026-05-10 15:51:17 ✅ all available services already optimized integrity=1.0
2026-05-10 15:51:28 ✅ all available services already optimized integrity=1.0
2026-05-10 15:51:38 ✅ all available services already optimized integrity=1.0
2026-05-10 15:51:48 ✅ all available services already optimized integrity=1.0
2026-05-10 15:51:58 ✅ all available services already optimized integrity=1.0
2026-05-10 15:52:08 ✅ all available services already optimized integrity=1.0
2026-05-10 15:52:18 ✅ all available services already optimized integrity=1.0
2026-05-10 15:52:28 ✅ all available services already optimized integrity=1.0
2026-05-10 15:52:38 ✅ all available services already optimized integrity=1.0
2026-05-10 15:52:48 ✅ all available services already optimized integrity=1.0
2026-05-10 15:52:59 ✅ all available services already optimized integrity=1.0
2026-05-10 15:53:09 ✅ all available services already optimized integrity=1.0
2026-05-10 15:53:19 ✅ all available services already optimized integrity=1.0
2026-05-10 15:53:29 ✅ all available services already optimized integrity=1.0
2026-05-10 15:53:39 ✅ all available services already optimized integrity=1.0
2026-05-10 15:53:49 ✅ all available services already optimized integrity=1.0
2026-05-10 15:53:59 ✅ all available services already optimized integrity=1.0
2026-05-10 15:54:09 ✅ all available services already optimized integrity=1.0
2026-05-10 15:54:19 ✅ all available services already optimized integrity=1.0
2026-05-10 15:54:29 ✅ all available services already optimized integrity=1.0
2026-05-10 15:54:39 ✅ all available services already optimized integrity=1.0
2026-05-10 15:54:49 ✅ all available services already optimized integrity=1.0
2026-05-10 15:54:59 ✅ all available services already optimized integrity=1.0
2026-05-10 15:55:09 ✅ all available services already optimized integrity=1.0
2026-05-10 15:55:20 ✅ all available services already optimized integrity=1.0
2026-05-10 15:55:30 ✅ all available services already optimized integrity=1.0
2026-05-10 15:55:40 ✅ all available services already optimized integrity=1.0
2026-05-10 15:55:50 ✅ all available services already optimized integrity=1.0
2026-05-10 15:56:00 ✅ all available services already optimized integrity=1.0
2026-05-10 15:56:10 ✅ all available services already optimized integrity=1.0
2026-05-10 15:56:20 ✅ all available services already optimized integrity=1.0
2026-05-10 15:56:30 ✅ all available services already optimized integrity=1.0
2026-05-10 15:56:40 ✅ all available services already optimized integrity=1.0
2026-05-10 15:56:50 ✅ all available services already optimized integrity=1.0
2026-05-10 15:57:00 ✅ all available services already optimized integrity=1.0
2026-05-10 15:57:10 ✅ all available services already optimized integrity=1.0
2026-05-10 15:57:20 ✅ all available services already optimized integrity=1.0
2026-05-10 15:57:30 ✅ all available services already optimized integrity=1.0
2026-05-10 15:57:40 ✅ all available services already optimized integrity=1.0
2026-05-10 15:57:50 ✅ all available services already optimized integrity=1.0
2026-05-10 15:58:00 ✅ all available services already optimized integrity=1.0
2026-05-10 15:58:10 ✅ all available services already optimized integrity=1.0
2026-05-10 15:58:20 ✅ all available services already optimized integrity=1.0
2026-05-10 15:58:30 ✅ all available services already optimized integrity=1.0
2026-05-10 15:58:40 ✅ all available services already optimized integrity=1.0
2026-05-10 15:58:50 ✅ all available services already optimized integrity=1.0
2026-05-10 15:59:00 ✅ all available services already optimized integrity=1.0
2026-05-10 15:59:10 ✅ all available services already optimized integrity=1.0
2026-05-10 15:59:20 ✅ all available services already optimized integrity=1.0
2026-05-10 15:59:31 ✅ all available services already optimized integrity=1.0
2026-05-10 15:59:41 ✅ all available services already optimized integrity=1.0
2026-05-10 15:59:51 ✅ all available services already optimized integrity=1.0
2026-05-10 16:00:01 ✅ all available services already optimized integrity=1.0
2026-05-10 16:00:11 ✅ all available services already optimized integrity=1.0
2026-05-10 16:00:21 ✅ all available services already optimized integrity=1.0
2026-05-10 16:00:31 ✅ all available services already optimized integrity=1.0
2026-05-10 16:00:41 ✅ all available services already optimized integrity=1.0
2026-05-10 16:00:51 ✅ all available services already optimized integrity=1.0
2026-05-10 16:01:01 ✅ all available services already optimized integrity=1.0
2026-05-10 16:01:11 ✅ all available services already optimized integrity=1.0
2026-05-10 16:01:21 ✅ all available services already optimized integrity=1.0
2026-05-10 16:01:32 ✅ all available services already optimized integrity=1.0
2026-05-10 16:01:42 ✅ all available services already optimized integrity=1.0
2026-05-10 16:01:52 ✅ all available services already optimized integrity=1.0
2026-05-10 16:02:02 ✅ all available services already optimized integrity=1.0
2026-05-10 16:02:12 ✅ all available services already optimized integrity=1.0
2026-05-10 16:02:22 ✅ all available services already optimized integrity=1.0
2026-05-10 16:02:32 ✅ all available services already optimized integrity=1.0
2026-05-10 16:02:42 ✅ all available services already optimized integrity=1.0
2026-05-10 16:02:52 ✅ all available services already optimized integrity=1.0
2026-05-10 16:03:02 ✅ all available services already optimized integrity=1.0
2026-05-10 16:03:12 ✅ all available services already optimized integrity=1.0
2026-05-10 16:03:22 ✅ all available services already optimized integrity=1.0
2026-05-10 16:03:32 ✅ all available services already optimized integrity=1.0
2026-05-10 16:03:42 ✅ all available services already optimized integrity=1.0
2026-05-10 16:03:52 ✅ all available services already optimized integrity=1.0
2026-05-10 16:04:02 ✅ all available services already optimized integrity=1.0
2026-05-10 16:04:12 ✅ all available services already optimized integrity=1.0
2026-05-10 16:04:22 ✅ all available services already optimized integrity=1.0
2026-05-10 16:04:32 ✅ all available services already optimized integrity=1.0
2026-05-10 16:04:42 ✅ all available services already optimized integrity=1.0
2026-05-10 16:04:52 ✅ all available services already optimized integrity=1.0
2026-05-10 16:05:02 ✅ all available services already optimized integrity=1.0
2026-05-10 16:05:12 ✅ all available services already optimized integrity=1.0
2026-05-10 16:05:22 ✅ all available services already optimized integrity=1.0
2026-05-10 16:05:32 ✅ all available services already optimized integrity=1.0
2026-05-10 16:05:42 ✅ all available services already optimized integrity=1.0
2026-05-10 16:05:52 ✅ all available services already optimized integrity=1.0
2026-05-10 16:06:02 ✅ all available services already optimized integrity=1.0
2026-05-10 16:06:13 ✅ all available services already optimized integrity=1.0
2026-05-10 16:06:23 ✅ all available services already optimized integrity=1.0
2026-05-10 16:06:33 ✅ all available services already optimized integrity=1.0
2026-05-10 16:06:43 ✅ all available services already optimized integrity=1.0
2026-05-10 16:06:53 ✅ all available services already optimized integrity=1.0
2026-05-10 16:07:03 ✅ all available services already optimized integrity=1.0
2026-05-10 16:07:13 ✅ all available services already optimized integrity=1.0
2026-05-10 16:07:23 ✅ all available services already optimized integrity=1.0
2026-05-10 16:07:33 ✅ all available services already optimized integrity=1.0
2026-05-10 16:07:43 ✅ all available services already optimized integrity=1.0
2026-05-10 16:07:53 ✅ all available services already optimized integrity=1.0
2026-05-10 16:08:03 ✅ all available services already optimized integrity=1.0
2026-05-10 16:08:13 ✅ all available services already optimized integrity=1.0
2026-05-10 16:08:23 ✅ all available services already optimized integrity=1.0
2026-05-10 16:08:33 ✅ all available services already optimized integrity=1.0
2026-05-10 16:08:43 ✅ all available services already optimized integrity=1.0
2026-05-10 16:08:53 ✅ all available services already optimized integrity=1.0
2026-05-10 16:09:03 ✅ all available services already optimized integrity=1.0
2026-05-10 16:09:13 ✅ all available services already optimized integrity=1.0
2026-05-10 16:09:23 ✅ all available services already optimized integrity=1.0
2026-05-10 16:09:33 ✅ all available services already optimized integrity=1.0
2026-05-10 16:09:44 ✅ all available services already optimized integrity=1.0
2026-05-10 16:09:54 ✅ all available services already optimized integrity=1.0
2026-05-10 16:10:04 ✅ all available services already optimized integrity=1.0
2026-05-10 16:10:14 ✅ all available services already optimized integrity=1.0
2026-05-10 16:10:24 ✅ all available services already optimized integrity=1.0
2026-05-10 16:10:34 ✅ all available services already optimized integrity=1.0
2026-05-10 16:10:44 ✅ all available services already optimized integrity=1.0
2026-05-10 16:10:54 ✅ all available services already optimized integrity=1.0
2026-05-10 16:11:04 ✅ all available services already optimized integrity=1.0
2026-05-10 16:11:14 ✅ all available services already optimized integrity=1.0
2026-05-10 16:11:24 ✅ all available services already optimized integrity=1.0
2026-05-10 16:11:34 ✅ all available services already optimized integrity=1.0
2026-05-10 16:11:44 ✅ all available services already optimized integrity=1.0
2026-05-10 16:11:54 ✅ all available services already optimized integrity=1.0
2026-05-10 16:12:04 ✅ all available services already optimized integrity=1.0
2026-05-10 16:12:14 ✅ all available services already optimized integrity=1.0
2026-05-10 16:12:24 ✅ all available services already optimized integrity=1.0
2026-05-10 16:12:34 ✅ all available services already optimized integrity=1.0
2026-05-10 16:12:44 ✅ all available services already optimized integrity=1.0
2026-05-10 16:12:54 ✅ all available services already optimized integrity=1.0
2026-05-10 16:13:04 ✅ all available services already optimized integrity=1.0
2026-05-10 16:13:14 ✅ all available services already optimized integrity=1.0
2026-05-10 16:13:24 ✅ all available services already optimized integrity=1.0
2026-05-10 16:13:34 ✅ all available services already optimized integrity=1.0
2026-05-10 16:13:44 ✅ all available services already optimized integrity=1.0
2026-05-10 16:13:54 ✅ all available services already optimized integrity=1.0
2026-05-10 16:14:04 ✅ all available services already optimized integrity=1.0
2026-05-10 16:14:14 ✅ all available services already optimized integrity=1.0
2026-05-10 16:14:24 ✅ all available services already optimized integrity=1.0
2026-05-10 16:14:34 ✅ all available services already optimized integrity=1.0
2026-05-10 16:14:44 ✅ all available services already optimized integrity=1.0
2026-05-10 16:14:54 ✅ all available services already optimized integrity=1.0
2026-05-10 16:15:04 ✅ all available services already optimized integrity=1.0
2026-05-10 16:15:15 ✅ all available services already optimized integrity=1.0
2026-05-10 16:15:25 ✅ all available services already optimized integrity=1.0
2026-05-10 16:15:35 ✅ all available services already optimized integrity=1.0
2026-05-10 16:15:45 ✅ all available services already optimized integrity=1.0
2026-05-10 16:15:55 ✅ all available services already optimized integrity=1.0
2026-05-10 16:16:05 ✅ all available services already optimized integrity=1.0
2026-05-10 16:16:15 ✅ all available services already optimized integrity=1.0
2026-05-10 16:16:25 ✅ all available services already optimized integrity=1.0
2026-05-10 16:16:35 ✅ all available services already optimized integrity=1.0
2026-05-10 16:16:45 ✅ all available services already optimized integrity=1.0
2026-05-10 16:16:55 ✅ all available services already optimized integrity=1.0
2026-05-10 16:17:05 ✅ all available services already optimized integrity=1.0
2026-05-10 16:17:15 ✅ all available services already optimized integrity=1.0
2026-05-10 16:17:25 ✅ all available services already optimized integrity=1.0
2026-05-10 16:17:35 ✅ all available services already optimized integrity=1.0
2026-05-10 16:17:45 ✅ all available services already optimized integrity=1.0
2026-05-10 16:17:55 ✅ all available services already optimized integrity=1.0
2026-05-10 16:18:05 ✅ all available services already optimized integrity=1.0
2026-05-10 16:18:15 ✅ all available services already optimized integrity=1.0
2026-05-10 16:18:25 ✅ all available services already optimized integrity=1.0
2026-05-10 16:18:35 ✅ all available services already optimized integrity=1.0
2026-05-10 16:18:45 ✅ all available services already optimized integrity=1.0
2026-05-10 16:18:55 ✅ all available services already optimized integrity=1.0
2026-05-10 16:19:05 ✅ all available services already optimized integrity=1.0
2026-05-10 16:19:15 ✅ all available services already optimized integrity=1.0
2026-05-10 16:19:25 ✅ all available services already optimized integrity=1.0
2026-05-10 16:19:35 ✅ all available services already optimized integrity=1.0
2026-05-10 16:19:46 ✅ all available services already optimized integrity=1.0
2026-05-10 16:19:56 ✅ all available services already optimized integrity=1.0
2026-05-10 16:20:06 ✅ all available services already optimized integrity=1.0
2026-05-10 16:20:16 ✅ all available services already optimized integrity=1.0
2026-05-10 16:20:26 ✅ all available services already optimized integrity=1.0
2026-05-10 16:20:36 ✅ all available services already optimized integrity=1.0
2026-05-10 16:20:46 ✅ all available services already optimized integrity=1.0
2026-05-10 16:20:56 ✅ all available services already optimized integrity=1.0
2026-05-10 16:21:06 ✅ all available services already optimized integrity=1.0
2026-05-10 16:21:19 ✅ all available services already optimized integrity=1.0
2026-05-10 16:21:29 ✅ all available services already optimized integrity=1.0
2026-05-10 16:21:39 ✅ all available services already optimized integrity=1.0
2026-05-10 16:21:49 ✅ all available services already optimized integrity=1.0
2026-05-10 16:21:59 ✅ all available services already optimized integrity=1.0
2026-05-10 16:22:09 ✅ all available services already optimized integrity=1.0
2026-05-10 16:22:19 ✅ all available services already optimized integrity=1.0
2026-05-10 16:22:29 ✅ all available services already optimized integrity=1.0
2026-05-10 16:22:40 ✅ all available services already optimized integrity=1.0
2026-05-10 16:22:50 ✅ all available services already optimized integrity=1.0
2026-05-10 16:23:00 ✅ all available services already optimized integrity=1.0
2026-05-10 16:23:10 ✅ all available services already optimized integrity=1.0
2026-05-10 16:23:20 ✅ all available services already optimized integrity=1.0
2026-05-10 16:23:30 ✅ all available services already optimized integrity=1.0
2026-05-10 16:23:40 ✅ all available services already optimized integrity=1.0
2026-05-10 16:23:50 ✅ all available services already optimized integrity=1.0
2026-05-10 16:24:00 ✅ all available services already optimized integrity=1.0
2026-05-10 16:24:10 ✅ all available services already optimized integrity=1.0
2026-05-10 16:24:20 ✅ all available services already optimized integrity=1.0
2026-05-10 16:24:30 ✅ all available services already optimized integrity=1.0
2026-05-10 16:24:40 ✅ all available services already optimized integrity=1.0
2026-05-10 16:24:50 ✅ all available services already optimized integrity=1.0
2026-05-10 16:25:00 ✅ all available services already optimized integrity=1.0
2026-05-10 16:25:10 ✅ all available services already optimized integrity=1.0
2026-05-10 16:25:20 ✅ all available services already optimized integrity=1.0
2026-05-10 16:25:31 ✅ all available services already optimized integrity=1.0
2026-05-10 16:25:41 ✅ all available services already optimized integrity=1.0
2026-05-10 16:25:51 ✅ all available services already optimized integrity=1.0
2026-05-10 16:26:01 ✅ all available services already optimized integrity=1.0
2026-05-10 16:26:11 ✅ all available services already optimized integrity=1.0
2026-05-10 16:26:21 ✅ all available services already optimized integrity=1.0
2026-05-10 16:26:31 ✅ all available services already optimized integrity=1.0
2026-05-10 16:26:41 ✅ all available services already optimized integrity=1.0
2026-05-10 16:26:51 ✅ all available services already optimized integrity=1.0
2026-05-10 16:27:01 ✅ all available services already optimized integrity=1.0
2026-05-10 16:27:11 ✅ all available services already optimized integrity=1.0
2026-05-10 16:27:21 ✅ all available services already optimized integrity=1.0
2026-05-10 16:27:31 ✅ all available services already optimized integrity=1.0
2026-05-10 16:27:41 ✅ all available services already optimized integrity=1.0
2026-05-10 16:27:51 ✅ all available services already optimized integrity=1.0
2026-05-10 16:28:01 ✅ all available services already optimized integrity=1.0
2026-05-10 16:28:11 ✅ all available services already optimized integrity=1.0
2026-05-10 16:28:21 ✅ all available services already optimized integrity=1.0
2026-05-10 16:28:31 ✅ all available services already optimized integrity=1.0
2026-05-10 16:28:41 ✅ all available services already optimized integrity=1.0
2026-05-10 16:28:51 ✅ all available services already optimized integrity=1.0
2026-05-10 16:29:01 ✅ all available services already optimized integrity=1.0
2026-05-10 16:29:11 ✅ all available services already optimized integrity=1.0
2026-05-10 16:29:21 ✅ all available services already optimized integrity=1.0
2026-05-10 16:29:31 ✅ all available services already optimized integrity=1.0
2026-05-10 16:29:41 ✅ all available services already optimized integrity=1.0
2026-05-10 16:29:51 ✅ all available services already optimized integrity=1.0
2026-05-10 16:30:01 ✅ all available services already optimized integrity=1.0
2026-05-10 16:30:12 ✅ all available services already optimized integrity=1.0
2026-05-10 16:30:22 ✅ all available services already optimized integrity=1.0
2026-05-10 16:30:32 ✅ all available services already optimized integrity=1.0
2026-05-10 16:30:42 ✅ all available services already optimized integrity=1.0
2026-05-10 16:30:52 ✅ all available services already optimized integrity=1.0
2026-05-10 16:31:02 ✅ all available services already optimized integrity=1.0
2026-05-10 16:31:12 ✅ all available services already optimized integrity=1.0
2026-05-10 16:31:22 ✅ all available services already optimized integrity=1.0
2026-05-10 16:31:32 ✅ all available services already optimized integrity=1.0
2026-05-10 16:31:42 ✅ all available services already optimized integrity=1.0
2026-05-10 16:31:52 ✅ all available services already optimized integrity=1.0
2026-05-10 16:32:02 ✅ all available services already optimized integrity=1.0
2026-05-10 16:32:12 ✅ all available services already optimized integrity=1.0
2026-05-10 16:32:22 ✅ all available services already optimized integrity=1.0
2026-05-10 16:32:32 ✅ all available services already optimized integrity=1.0
2026-05-10 16:32:42 ✅ all available services already optimized integrity=1.0
2026-05-10 16:32:53 ✅ all available services already optimized integrity=1.0
2026-05-10 16:33:03 ✅ all available services already optimized integrity=1.0
2026-05-10 16:33:13 ✅ all available services already optimized integrity=1.0
2026-05-10 16:33:23 ✅ all available services already optimized integrity=1.0
2026-05-10 16:33:33 ✅ all available services already optimized integrity=1.0
2026-05-10 16:33:43 ✅ all available services already optimized integrity=1.0
2026-05-10 16:33:53 ✅ all available services already optimized integrity=1.0
2026-05-10 16:34:03 ✅ all available services already optimized integrity=1.0
2026-05-10 16:34:13 ✅ all available services already optimized integrity=1.0
2026-05-10 16:34:23 ✅ all available services already optimized integrity=1.0
2026-05-10 16:34:33 ✅ all available services already optimized integrity=1.0
2026-05-10 16:34:43 ✅ all available services already optimized integrity=1.0
2026-05-10 16:34:53 ✅ all available services already optimized integrity=1.0
2026-05-10 16:35:03 ✅ all available services already optimized integrity=1.0
2026-05-10 16:35:13 ✅ all available services already optimized integrity=1.0
2026-05-10 16:35:23 ✅ all available services already optimized integrity=1.0
2026-05-10 16:35:33 ✅ all available services already optimized integrity=1.0
2026-05-10 16:35:43 ✅ all available services already optimized integrity=1.0
2026-05-10 16:35:53 ✅ all available services already optimized integrity=1.0
2026-05-10 16:36:03 ✅ all available services already optimized integrity=1.0
2026-05-10 16:36:13 ✅ all available services already optimized integrity=1.0
2026-05-10 16:36:23 ✅ all available services already optimized integrity=1.0
2026-05-10 16:36:33 ✅ all available services already optimized integrity=1.0
2026-05-10 16:36:43 ✅ all available services already optimized integrity=1.0
2026-05-10 16:36:53 ✅ all available services already optimized integrity=1.0
2026-05-10 16:37:03 ✅ all available services already optimized integrity=1.0
2026-05-10 16:37:13 ✅ all available services already optimized integrity=1.0
2026-05-10 16:37:23 ✅ all available services already optimized integrity=1.0
2026-05-10 16:37:33 ✅ all available services already optimized integrity=1.0
2026-05-10 16:37:43 ✅ all available services already optimized integrity=1.0
2026-05-10 16:37:53 ✅ all available services already optimized integrity=1.0
2026-05-10 16:38:03 ✅ all available services already optimized integrity=1.0
2026-05-10 16:38:13 ✅ all available services already optimized integrity=1.0
2026-05-10 16:38:23 ✅ all available services already optimized integrity=1.0
2026-05-10 16:38:33 ✅ all available services already optimized integrity=1.0
2026-05-10 16:38:43 ✅ all available services already optimized integrity=1.0
2026-05-10 16:38:53 ✅ all available services already optimized integrity=1.0
2026-05-10 16:39:03 ✅ all available services already optimized integrity=1.0
2026-05-10 16:39:13 ✅ all available services already optimized integrity=1.0
2026-05-10 16:39:23 ✅ all available services already optimized integrity=1.0
2026-05-10 16:39:33 ✅ all available services already optimized integrity=1.0
2026-05-10 16:39:43 ✅ all available services already optimized integrity=1.0
2026-05-10 16:39:53 ✅ all available services already optimized integrity=1.0
2026-05-10 16:40:03 ✅ all available services already optimized integrity=1.0
2026-05-10 16:40:13 ✅ all available services already optimized integrity=1.0
2026-05-10 16:40:23 ✅ all available services already optimized integrity=1.0
2026-05-10 16:40:33 ✅ all available services already optimized integrity=1.0
2026-05-10 16:40:43 ✅ all available services already optimized integrity=1.0
2026-05-10 16:40:53 ✅ all available services already optimized integrity=1.0
2026-05-10 16:41:03 ✅ all available services already optimized integrity=1.0
2026-05-10 16:41:13 ✅ all available services already optimized integrity=1.0
2026-05-10 16:41:23 ✅ all available services already optimized integrity=1.0
2026-05-10 16:41:33 ✅ all available services already optimized integrity=1.0
2026-05-10 16:41:43 ✅ all available services already optimized integrity=1.0
2026-05-10 16:41:53 ✅ all available services already optimized integrity=1.0
2026-05-10 16:45:44 ✅ all available services already optimized integrity=1.0
2026-05-10 16:45:54 ✅ all available services already optimized integrity=1.0
2026-05-10 16:46:04 ✅ all available services already optimized integrity=1.0
2026-05-10 16:46:14 ✅ all available services already optimized integrity=1.0
2026-05-10 16:46:24 ✅ all available services already optimized integrity=1.0
2026-05-10 16:46:34 ✅ all available services already optimized integrity=1.0
2026-05-10 16:46:44 ✅ all available services already optimized integrity=1.0
2026-05-10 16:46:55 ✅ all available services already optimized integrity=1.0
2026-05-10 16:47:05 ✅ all available services already optimized integrity=1.0
2026-05-10 16:47:15 ✅ all available services already optimized integrity=1.0
2026-05-10 16:47:25 ✅ all available services already optimized integrity=1.0
2026-05-10 16:47:35 ✅ all available services already optimized integrity=1.0
2026-05-10 16:47:45 ✅ all available services already optimized integrity=1.0
2026-05-10 16:47:55 ✅ all available services already optimized integrity=1.0
2026-05-10 16:48:05 ✅ all available services already optimized integrity=1.0
2026-05-10 16:48:15 ✅ all available services already optimized integrity=1.0
2026-05-10 16:48:25 ✅ all available services already optimized integrity=1.0
2026-05-10 16:48:35 ✅ all available services already optimized integrity=1.0
2026-05-10 16:48:45 ✅ all available services already optimized integrity=1.0
2026-05-10 16:48:55 ✅ all available services already optimized integrity=1.0
2026-05-10 16:49:05 ✅ all available services already optimized integrity=1.0
2026-05-10 16:49:15 ✅ all available services already optimized integrity=1.0
2026-05-10 16:49:25 ✅ all available services already optimized integrity=1.0
2026-05-10 16:49:35 ✅ all available services already optimized integrity=1.0
2026-05-10 16:49:45 ✅ all available services already optimized integrity=1.0
2026-05-10 16:49:55 ✅ all available services already optimized integrity=1.0
2026-05-10 16:50:05 ✅ all available services already optimized integrity=1.0
2026-05-10 16:50:15 ✅ all available services already optimized integrity=1.0
2026-05-10 16:50:25 ✅ all available services already optimized integrity=1.0
2026-05-10 16:50:35 ✅ all available services already optimized integrity=1.0
2026-05-10 16:50:45 ✅ all available services already optimized integrity=1.0
2026-05-10 16:50:55 ✅ all available services already optimized integrity=1.0
2026-05-10 16:51:05 ✅ all available services already optimized integrity=1.0
2026-05-10 16:51:15 ✅ all available services already optimized integrity=1.0
2026-05-10 16:51:25 ✅ all available services already optimized integrity=1.0
2026-05-10 16:51:35 ✅ all available services already optimized integrity=1.0
2026-05-10 16:51:45 ✅ all available services already optimized integrity=1.0
2026-05-10 16:51:55 ✅ all available services already optimized integrity=1.0
2026-05-10 16:52:05 ✅ all available services already optimized integrity=1.0
2026-05-10 16:52:15 ✅ all available services already optimized integrity=1.0
2026-05-10 16:52:26 ✅ all available services already optimized integrity=1.0
2026-05-10 16:52:36 ✅ all available services already optimized integrity=1.0
2026-05-10 16:52:46 ✅ all available services already optimized integrity=1.0
2026-05-10 16:52:56 ✅ all available services already optimized integrity=1.0
2026-05-10 16:53:06 ✅ all available services already optimized integrity=1.0
2026-05-10 16:53:16 ✅ all available services already optimized integrity=1.0
2026-05-10 16:53:26 ✅ all available services already optimized integrity=1.0
2026-05-10 16:53:36 ✅ all available services already optimized integrity=1.0
2026-05-10 16:53:46 ✅ all available services already optimized integrity=1.0
2026-05-10 16:53:56 ✅ all available services already optimized integrity=1.0
2026-05-10 16:54:06 ✅ all available services already optimized integrity=1.0
2026-05-10 16:54:16 ✅ all available services already optimized integrity=1.0
2026-05-10 16:54:26 ✅ all available services already optimized integrity=1.0
2026-05-10 16:54:36 ✅ all available services already optimized integrity=1.0
2026-05-10 16:54:46 ✅ all available services already optimized integrity=1.0
2026-05-10 16:54:56 ✅ all available services already optimized integrity=1.0
2026-05-10 16:55:06 ✅ all available services already optimized integrity=1.0
2026-05-10 16:55:16 ✅ all available services already optimized integrity=1.0
2026-05-10 16:55:26 ✅ all available services already optimized integrity=1.0
2026-05-10 16:55:36 ✅ all available services already optimized integrity=1.0
2026-05-10 16:55:46 ✅ all available services already optimized integrity=1.0
2026-05-10 16:55:56 ✅ all available services already optimized integrity=1.0
2026-05-10 16:56:06 ✅ all available services already optimized integrity=1.0
2026-05-10 16:56:16 ✅ all available services already optimized integrity=1.0
2026-05-10 16:56:26 ✅ all available services already optimized integrity=1.0
2026-05-10 16:56:36 ✅ all available services already optimized integrity=1.0
2026-05-10 16:56:46 ✅ all available services already optimized integrity=1.0
2026-05-10 16:56:56 ✅ all available services already optimized integrity=1.0
2026-05-10 16:57:06 ✅ all available services already optimized integrity=1.0
2026-05-10 16:57:16 ✅ all available services already optimized integrity=1.0
2026-05-10 16:57:26 ✅ all available services already optimized integrity=1.0
2026-05-10 16:57:36 ✅ all available services already optimized integrity=1.0
2026-05-10 16:57:46 ✅ all available services already optimized integrity=1.0
2026-05-10 16:57:56 ✅ all available services already optimized integrity=1.0
2026-05-10 16:58:06 ✅ all available services already optimized integrity=1.0
2026-05-10 16:58:16 ✅ all available services already optimized integrity=1.0
2026-05-10 16:58:26 ✅ all available services already optimized integrity=1.0
2026-05-10 16:58:36 ✅ all available services already optimized integrity=1.0
2026-05-10 16:58:46 ✅ all available services already optimized integrity=1.0
2026-05-10 16:58:56 ✅ all available services already optimized integrity=1.0
2026-05-10 16:59:06 ✅ all available services already optimized integrity=1.0
2026-05-10 16:59:16 ✅ all available services already optimized integrity=1.0
2026-05-10 16:59:26 ✅ all available services already optimized integrity=1.0
2026-05-10 16:59:36 ✅ all available services already optimized integrity=1.0
2026-05-10 16:59:46 ✅ all available services already optimized integrity=1.0
2026-05-10 16:59:56 ✅ all available services already optimized integrity=1.0
2026-05-10 17:00:06 ✅ all available services already optimized integrity=1.0
2026-05-10 17:00:16 ✅ all available services already optimized integrity=1.0
2026-05-10 17:00:26 ✅ all available services already optimized integrity=1.0
2026-05-10 17:00:36 ✅ all available services already optimized integrity=1.0
2026-05-10 17:00:46 ✅ all available services already optimized integrity=1.0
2026-05-10 17:00:56 ✅ all available services already optimized integrity=1.0
2026-05-10 17:01:06 ✅ all available services already optimized integrity=1.0
2026-05-10 17:01:16 ✅ all available services already optimized integrity=1.0
2026-05-10 17:01:26 ✅ all available services already optimized integrity=1.0
2026-05-10 17:01:37 ✅ all available services already optimized integrity=1.0
2026-05-10 17:01:47 ✅ all available services already optimized integrity=1.0
2026-05-10 17:01:57 ✅ all available services already optimized integrity=1.0
2026-05-10 17:02:07 ✅ all available services already optimized integrity=1.0
2026-05-10 17:02:17 ✅ all available services already optimized integrity=1.0
2026-05-10 17:02:27 ✅ all available services already optimized integrity=1.0
2026-05-10 17:02:37 ✅ all available services already optimized integrity=1.0
2026-05-10 17:02:47 ✅ all available services already optimized integrity=1.0
2026-05-10 21:06:22 ✅ all available services already optimized integrity=1.0
2026-05-10 21:06:32 ✅ all available services already optimized integrity=1.0
2026-05-10 21:06:42 ✅ all available services already optimized integrity=1.0
2026-05-10 21:06:53 ✅ all available services already optimized integrity=1.0
2026-05-10 21:07:04 ✅ all available services already optimized integrity=1.0
2026-05-10 21:07:15 ✅ all available services already optimized integrity=1.0
2026-05-10 21:07:25 ✅ all available services already optimized integrity=1.0
2026-05-10 21:07:35 ✅ all available services already optimized integrity=1.0
2026-05-10 21:07:45 ✅ all available services already optimized integrity=1.0
2026-05-10 21:07:55 ✅ all available services already optimized integrity=1.0
2026-05-10 21:08:05 ✅ all available services already optimized integrity=1.0
2026-05-10 21:08:15 ✅ all available services already optimized integrity=1.0
2026-05-10 21:08:25 ✅ all available services already optimized integrity=1.0
2026-05-10 21:08:35 ✅ all available services already optimized integrity=1.0
2026-05-10 21:08:45 ✅ all available services already optimized integrity=1.0
2026-05-10 21:08:55 ✅ all available services already optimized integrity=1.0
2026-05-10 21:09:05 ✅ all available services already optimized integrity=1.0
2026-05-10 21:09:15 ✅ all available services already optimized integrity=1.0
2026-05-10 21:09:26 ✅ all available services already optimized integrity=1.0
2026-05-10 21:09:36 ✅ all available services already optimized integrity=1.0
2026-05-10 21:09:46 ✅ all available services already optimized integrity=1.0
2026-05-10 21:09:56 ✅ all available services already optimized integrity=1.0
2026-05-10 21:10:06 ✅ all available services already optimized integrity=1.0
2026-05-10 21:10:16 ✅ all available services already optimized integrity=1.0
2026-05-10 21:10:26 ✅ all available services already optimized integrity=1.0
2026-05-10 21:10:36 ✅ all available services already optimized integrity=1.0
2026-05-10 21:10:46 ✅ all available services already optimized integrity=1.0
2026-05-10 21:10:56 ✅ all available services already optimized integrity=1.0
2026-05-10 21:11:06 ✅ all available services already optimized integrity=1.0
2026-05-10 21:11:16 ✅ all available services already optimized integrity=1.0
2026-05-10 21:11:26 ✅ all available services already optimized integrity=1.0
2026-05-10 21:11:36 ✅ all available services already optimized integrity=1.0
2026-05-10 21:11:46 ✅ all available services already optimized integrity=1.0
2026-05-10 21:11:56 ✅ all available services already optimized integrity=1.0
2026-05-10 21:12:06 ✅ all available services already optimized integrity=1.0
2026-05-10 21:12:16 ✅ all available services already optimized integrity=1.0
2026-05-10 21:12:26 ✅ all available services already optimized integrity=1.0
2026-05-10 21:12:37 ✅ all available services already optimized integrity=1.0
2026-05-10 21:12:47 ✅ all available services already optimized integrity=1.0
2026-05-10 21:12:57 ✅ all available services already optimized integrity=1.0
2026-05-10 21:13:07 ✅ all available services already optimized integrity=1.0
2026-05-10 21:13:17 ✅ all available services already optimized integrity=1.0
2026-05-10 21:13:27 ✅ all available services already optimized integrity=1.0
2026-05-10 21:13:37 ✅ all available services already optimized integrity=1.0
2026-05-10 21:13:47 ✅ all available services already optimized integrity=1.0
2026-05-10 21:13:57 ✅ all available services already optimized integrity=1.0
2026-05-10 21:14:07 ✅ all available services already optimized integrity=1.0
2026-05-10 21:14:17 ✅ all available services already optimized integrity=1.0
2026-05-10 21:14:27 ✅ all available services already optimized integrity=1.0
2026-05-10 21:14:38 ✅ all available services already optimized integrity=1.0
2026-05-10 21:14:48 ✅ all available services already optimized integrity=1.0
2026-05-10 21:14:58 ✅ all available services already optimized integrity=1.0
2026-05-10 21:15:08 ✅ all available services already optimized integrity=1.0
2026-05-10 21:15:19 ✅ all available services already optimized integrity=1.0
2026-05-10 21:15:29 ✅ all available services already optimized integrity=1.0
2026-05-10 21:15:39 ✅ all available services already optimized integrity=1.0
2026-05-10 21:15:49 ✅ all available services already optimized integrity=1.0
2026-05-10 21:15:59 ✅ all available services already optimized integrity=1.0
2026-05-10 21:16:09 ✅ all available services already optimized integrity=1.0
2026-05-10 21:16:19 ✅ all available services already optimized integrity=1.0
2026-05-10 21:16:29 ✅ all available services already optimized integrity=1.0
2026-05-10 21:16:39 ✅ all available services already optimized integrity=1.0
2026-05-10 21:16:49 ✅ all available services already optimized integrity=1.0
2026-05-10 21:16:59 ✅ all available services already optimized integrity=1.0
2026-05-10 21:17:09 ✅ all available services already optimized integrity=1.0
2026-05-10 21:17:19 ✅ all available services already optimized integrity=1.0
2026-05-10 21:17:30 ✅ all available services already optimized integrity=1.0
2026-05-10 21:17:40 ✅ all available services already optimized integrity=1.0
2026-05-10 21:17:50 ✅ all available services already optimized integrity=1.0
2026-05-10 21:18:00 ✅ all available services already optimized integrity=1.0
2026-05-10 21:18:10 ✅ all available services already optimized integrity=1.0
2026-05-10 21:18:20 ✅ all available services already optimized integrity=1.0
2026-05-10 21:18:30 ✅ all available services already optimized integrity=1.0
2026-05-10 21:18:40 ✅ all available services already optimized integrity=1.0
2026-05-10 21:18:50 ✅ all available services already optimized integrity=1.0
2026-05-10 21:19:00 ✅ all available services already optimized integrity=1.0
2026-05-10 21:19:10 ✅ all available services already optimized integrity=1.0
2026-05-10 21:19:20 ✅ all available services already optimized integrity=1.0
2026-05-10 21:19:30 ✅ all available services already optimized integrity=1.0
2026-05-10 21:19:40 ✅ all available services already optimized integrity=1.0
2026-05-10 21:19:50 ✅ all available services already optimized integrity=1.0
2026-05-10 21:20:00 ✅ all available services already optimized integrity=1.0
2026-05-10 21:20:10 ✅ all available services already optimized integrity=1.0
2026-05-10 21:20:21 ✅ all available services already optimized integrity=1.0
2026-05-10 21:20:31 ✅ all available services already optimized integrity=1.0
2026-05-10 21:20:41 ✅ all available services already optimized integrity=1.0
2026-05-10 21:20:51 ✅ all available services already optimized integrity=1.0
2026-05-10 21:21:01 ✅ all available services already optimized integrity=1.0
2026-05-10 21:21:11 ✅ all available services already optimized integrity=1.0
2026-05-10 21:21:21 ✅ all available services already optimized integrity=1.0
2026-05-10 21:21:31 ✅ all available services already optimized integrity=1.0
2026-05-10 21:21:42 ✅ all available services already optimized integrity=1.0
2026-05-10 21:21:52 ✅ all available services already optimized integrity=1.0
2026-05-10 21:22:02 ✅ all available services already optimized integrity=1.0
2026-05-10 21:22:12 ✅ all available services already optimized integrity=1.0
2026-05-10 21:22:23 ✅ all available services already optimized integrity=1.0
2026-05-10 21:22:33 ✅ all available services already optimized integrity=1.0
2026-05-10 21:22:43 ✅ all available services already optimized integrity=1.0
2026-05-10 21:22:53 ✅ all available services already optimized integrity=1.0
2026-05-10 21:23:03 ✅ all available services already optimized integrity=1.0
2026-05-10 21:23:13 ✅ all available services already optimized integrity=1.0
2026-05-10 21:23:23 ✅ all available services already optimized integrity=1.0
2026-05-10 21:23:33 ✅ all available services already optimized integrity=1.0
2026-05-10 21:23:43 ✅ all available services already optimized integrity=1.0
2026-05-10 21:23:53 ✅ all available services already optimized integrity=1.0
2026-05-10 21:24:03 ✅ all available services already optimized integrity=1.0
2026-05-10 21:24:13 ✅ all available services already optimized integrity=1.0
2026-05-10 21:24:23 ✅ all available services already optimized integrity=1.0
2026-05-10 21:24:33 ✅ all available services already optimized integrity=1.0
2026-05-10 21:24:43 ✅ all available services already optimized integrity=1.0
2026-05-10 21:24:54 ✅ all available services already optimized integrity=1.0
2026-05-10 21:25:04 ✅ all available services already optimized integrity=1.0
2026-05-10 21:25:14 ✅ all available services already optimized integrity=1.0
2026-05-10 21:25:24 ✅ all available services already optimized integrity=1.0
2026-05-10 21:25:34 ✅ all available services already optimized integrity=1.0
2026-05-10 21:25:44 ✅ all available services already optimized integrity=1.0
2026-05-10 21:25:54 ✅ all available services already optimized integrity=1.0
2026-05-10 21:26:04 ✅ all available services already optimized integrity=1.0
2026-05-10 21:26:14 ✅ all available services already optimized integrity=1.0
2026-05-10 21:26:24 ✅ all available services already optimized integrity=1.0
2026-05-10 21:26:34 ✅ all available services already optimized integrity=1.0
2026-05-10 21:26:45 ✅ all available services already optimized integrity=1.0
2026-05-10 21:26:55 ✅ all available services already optimized integrity=1.0
2026-05-10 21:27:05 ✅ all available services already optimized integrity=1.0
2026-05-10 21:27:15 ✅ all available services already optimized integrity=1.0
2026-05-10 21:27:25 ✅ all available services already optimized integrity=1.0
2026-05-10 21:27:35 ✅ all available services already optimized integrity=1.0
2026-05-10 21:27:45 ✅ all available services already optimized integrity=1.0
2026-05-10 21:27:55 ✅ all available services already optimized integrity=1.0
2026-05-10 21:28:05 ✅ all available services already optimized integrity=1.0
2026-05-10 21:28:15 ✅ all available services already optimized integrity=1.0
2026-05-10 21:28:25 ✅ all available services already optimized integrity=1.0
2026-05-10 21:28:36 ✅ all available services already optimized integrity=1.0
2026-05-10 21:28:46 ✅ all available services already optimized integrity=1.0
2026-05-10 21:28:56 ✅ all available services already optimized integrity=1.0
2026-05-10 21:29:06 ✅ all available services already optimized integrity=1.0
2026-05-10 21:29:16 ✅ all available services already optimized integrity=1.0
2026-05-10 21:29:26 ✅ all available services already optimized integrity=1.0
2026-05-10 21:29:36 ✅ all available services already optimized integrity=1.0
2026-05-10 21:29:46 ✅ all available services already optimized integrity=1.0
2026-05-10 21:29:56 ✅ all available services already optimized integrity=1.0
2026-05-10 21:30:06 ✅ all available services already optimized integrity=1.0
2026-05-10 21:30:16 ✅ all available services already optimized integrity=1.0
2026-05-10 21:30:26 ✅ all available services already optimized integrity=1.0
2026-05-10 21:30:37 ✅ all available services already optimized integrity=1.0
2026-05-10 21:30:47 ✅ all available services already optimized integrity=1.0
2026-05-10 21:30:57 ✅ all available services already optimized integrity=1.0
2026-05-10 21:31:07 ✅ all available services already optimized integrity=1.0
2026-05-10 21:31:17 ✅ all available services already optimized integrity=1.0
2026-05-10 21:31:27 ✅ all available services already optimized integrity=1.0
2026-05-10 21:31:37 ✅ all available services already optimized integrity=1.0
2026-05-10 21:31:47 ✅ all available services already optimized integrity=1.0
2026-05-10 21:31:57 ✅ all available services already optimized integrity=1.0
2026-05-10 21:32:07 ✅ all available services already optimized integrity=1.0
2026-05-10 21:32:17 ✅ all available services already optimized integrity=1.0
2026-05-10 21:32:28 ✅ all available services already optimized integrity=1.0
2026-05-10 21:32:38 ✅ all available services already optimized integrity=1.0
2026-05-10 21:32:48 ✅ all available services already optimized integrity=1.0
2026-05-10 21:32:58 ✅ all available services already optimized integrity=1.0
2026-05-10 21:33:08 ✅ all available services already optimized integrity=1.0
2026-05-10 21:33:18 ✅ all available services already optimized integrity=1.0
2026-05-10 21:33:28 ✅ all available services already optimized integrity=1.0
2026-05-10 21:33:38 ✅ all available services already optimized integrity=1.0
2026-05-10 21:33:48 ✅ all available services already optimized integrity=1.0
2026-05-10 21:33:58 ✅ all available services already optimized integrity=1.0
2026-05-10 21:34:08 ✅ all available services already optimized integrity=1.0
2026-05-10 21:34:18 ✅ all available services already optimized integrity=1.0
2026-05-10 21:34:28 ✅ all available services already optimized integrity=1.0
2026-05-10 21:34:38 ✅ all available services already optimized integrity=1.0
2026-05-10 21:34:48 ✅ all available services already optimized integrity=1.0
2026-05-10 21:34:58 ✅ all available services already optimized integrity=1.0
2026-05-10 21:35:09 ✅ all available services already optimized integrity=1.0
2026-05-10 21:35:19 ✅ all available services already optimized integrity=1.0
2026-05-10 21:35:29 ✅ all available services already optimized integrity=1.0
2026-05-10 21:35:39 ✅ all available services already optimized integrity=1.0
2026-05-10 21:35:49 ✅ all available services already optimized integrity=1.0
2026-05-10 21:35:59 ✅ all available services already optimized integrity=1.0
2026-05-10 21:36:09 ✅ all available services already optimized integrity=1.0
2026-05-10 21:36:19 ✅ all available services already optimized integrity=1.0
2026-05-10 21:36:29 ✅ all available services already optimized integrity=1.0
2026-05-10 21:36:39 ✅ all available services already optimized integrity=1.0
2026-05-10 21:36:49 ✅ all available services already optimized integrity=1.0
2026-05-10 21:36:59 ✅ all available services already optimized integrity=1.0
2026-05-10 21:37:09 ✅ all available services already optimized integrity=1.0
2026-05-10 21:37:19 ✅ all available services already optimized integrity=1.0
2026-05-10 21:37:29 ✅ all available services already optimized integrity=1.0
2026-05-10 21:37:39 ✅ all available services already optimized integrity=1.0
2026-05-10 21:37:49 ✅ all available services already optimized integrity=1.0
2026-05-10 21:37:59 ✅ all available services already optimized integrity=1.0
2026-05-10 21:38:09 ✅ all available services already optimized integrity=1.0
2026-05-10 21:38:19 ✅ all available services already optimized integrity=1.0
2026-05-10 21:38:29 ✅ all available services already optimized integrity=1.0
2026-05-10 21:38:40 ✅ all available services already optimized integrity=1.0
2026-05-10 21:38:50 ✅ all available services already optimized integrity=1.0
2026-05-10 21:39:00 ✅ all available services already optimized integrity=1.0
2026-05-10 21:39:10 ✅ all available services already optimized integrity=1.0
2026-05-10 21:39:20 ✅ all available services already optimized integrity=1.0
2026-05-10 21:39:30 ✅ all available services already optimized integrity=1.0
2026-05-10 21:39:40 ✅ all available services already optimized integrity=1.0
2026-05-10 21:39:50 ✅ all available services already optimized integrity=1.0
2026-05-10 21:40:00 ✅ all available services already optimized integrity=1.0
2026-05-10 21:40:10 ✅ all available services already optimized integrity=1.0
2026-05-10 21:40:20 ✅ all available services already optimized integrity=1.0
2026-05-10 21:40:30 ✅ all available services already optimized integrity=1.0
2026-05-10 21:40:40 ✅ all available services already optimized integrity=1.0
2026-05-10 21:40:50 ✅ all available services already optimized integrity=1.0
2026-05-10 21:41:00 ✅ all available services already optimized integrity=1.0
2026-05-10 21:41:10 ✅ all available services already optimized integrity=1.0
2026-05-10 21:41:20 ✅ all available services already optimized integrity=1.0
2026-05-10 21:41:30 ✅ all available services already optimized integrity=1.0
2026-05-10 21:41:40 ✅ all available services already optimized integrity=1.0
2026-05-10 21:41:50 ✅ all available services already optimized integrity=1.0
2026-05-10 21:42:00 ✅ all available services already optimized integrity=1.0
2026-05-10 21:42:10 ✅ all available services already optimized integrity=1.0
2026-05-10 21:42:20 ✅ all available services already optimized integrity=1.0
2026-05-10 21:42:30 ✅ all available services already optimized integrity=1.0
2026-05-10 21:42:40 ✅ all available services already optimized integrity=1.0
2026-05-10 21:42:50 ✅ all available services already optimized integrity=1.0
2026-05-10 21:43:00 ✅ all available services already optimized integrity=1.0
2026-05-10 21:43:10 ✅ all available services already optimized integrity=1.0
2026-05-10 21:43:20 ✅ all available services already optimized integrity=1.0
