2026-05-10 14:01:44 SHMRY intelligence error: OperationalError('no such table: services')
2026-05-10 14:02:44 SHMRY intelligence audit complete: {"total_services": 150, "missing_stub_ready": 0, "action": "audit", "policy": "controlled mutation only: log, score, mark metadata; no unsafe self-rewrite"}
2026-05-10 14:02:59 SHMRY intelligence audit complete: {"total_services": 150, "missing_stub_ready": 0, "action": "audit", "policy": "controlled mutation only: log, score, mark metadata; no unsafe self-rewrite"}
2026-05-10 14:03:59 SHMRY intelligence audit complete: {"total_services": 150, "missing_stub_ready": 0, "action": "audit", "policy": "controlled mutation only: log, score, mark metadata; no unsafe self-rewrite"}
2026-05-10 14:04:37 SHMRY intelligence audit complete: {"total_services": 151, "missing_stub_ready": 0, "action": "audit", "policy": "controlled mutation only: log, score, mark metadata; no unsafe self-rewrite"}
2026-05-10 14:05:37 SHMRY intelligence audit complete: {"total_services": 151, "missing_stub_ready": 0, "action": "audit", "policy": "controlled mutation only: log, score, mark metadata; no unsafe self-rewrite"}
2026-05-10 14:06:37 SHMRY intelligence audit complete: {"total_services": 151, "missing_stub_ready": 0, "action": "audit", "policy": "controlled mutation only: log, score, mark metadata; no unsafe self-rewrite"}
2026-05-10 14:07:37 SHMRY intelligence audit complete: {"total_services": 151, "missing_stub_ready": 0, "action": "audit", "policy": "controlled mutation only: log, score, mark metadata; no unsafe self-rewrite"}
2026-05-10 14:08:37 SHMRY intelligence audit complete: {"total_services": 151, "missing_stub_ready": 0, "action": "audit", "policy": "controlled mutation only: log, score, mark metadata; no unsafe self-rewrite"}
2026-05-10 14:09:37 SHMRY intelligence audit complete: {"total_services": 151, "missing_stub_ready": 0, "action": "audit", "policy": "controlled mutation only: log, score, mark metadata; no unsafe self-rewrite"}
2026-05-10 14:10:37 SHMRY intelligence audit complete: {"total_services": 151, "missing_stub_ready": 0, "action": "audit", "policy": "controlled mutation only: log, score, mark metadata; no unsafe self-rewrite"}
2026-05-10 14:11:37 SHMRY intelligence audit complete: {"total_services": 151, "missing_stub_ready": 0, "action": "audit", "policy": "controlled mutation only: log, score, mark metadata; no unsafe self-rewrite"}
2026-05-10 14:12:37 SHMRY intelligence audit complete: {"total_services": 151, "missing_stub_ready": 0, "action": "audit", "policy": "controlled mutation only: log, score, mark metadata; no unsafe self-rewrite"}
2026-05-10 14:13:38 SHMRY intelligence audit complete: {"total_services": 151, "missing_stub_ready": 0, "action": "audit", "policy": "controlled mutation only: log, score, mark metadata; no unsafe self-rewrite"}
2026-05-10 14:14:38 SHMRY intelligence audit complete: {"total_services": 151, "missing_stub_ready": 0, "action": "audit", "policy": "controlled mutation only: log, score, mark metadata; no unsafe self-rewrite"}
2026-05-10 14:15:38 SHMRY intelligence audit complete: {"total_services": 151, "missing_stub_ready": 0, "action": "audit", "policy": "controlled mutation only: log, score, mark metadata; no unsafe self-rewrite"}
2026-05-10 14:16:38 SHMRY intelligence audit complete: {"total_services": 151, "missing_stub_ready": 0, "action": "audit", "policy": "controlled mutation only: log, score, mark metadata; no unsafe self-rewrite"}
2026-05-10 14:17:38 SHMRY intelligence audit complete: {"total_services": 151, "missing_stub_ready": 0, "action": "audit", "policy": "controlled mutation only: log, score, mark metadata; no unsafe self-rewrite"}
2026-05-10 14:18:38 SHMRY intelligence audit complete: {"total_services": 151, "missing_stub_ready": 0, "action": "audit", "policy": "controlled mutation only: log, score, mark metadata; no unsafe self-rewrite"}
2026-05-10 14:19:38 SHMRY intelligence audit complete: {"total_services": 151, "missing_stub_ready": 0, "action": "audit", "policy": "controlled mutation only: log, score, mark metadata; no unsafe self-rewrite"}
2026-05-10 14:20:38 SHMRY intelligence audit complete: {"total_services": 151, "missing_stub_ready": 0, "action": "audit", "policy": "controlled mutation only: log, score, mark metadata; no unsafe self-rewrite"}
2026-05-10 14:21:38 SHMRY intelligence audit complete: {"total_services": 151, "missing_stub_ready": 0, "action": "audit", "policy": "controlled mutation only: log, score, mark metadata; no unsafe self-rewrite"}
2026-05-10 14:22:38 SHMRY intelligence audit complete: {"total_services": 151, "missing_stub_ready": 0, "action": "audit", "policy": "controlled mutation only: log, score, mark metadata; no unsafe self-rewrite"}
2026-05-10 14:23:38 SHMRY intelligence audit complete: {"total_services": 151, "missing_stub_ready": 0, "action": "audit", "policy": "controlled mutation only: log, score, mark metadata; no unsafe self-rewrite"}
2026-05-10 14:24:38 SHMRY intelligence audit complete: {"total_services": 151, "missing_stub_ready": 0, "action": "audit", "policy": "controlled mutation only: log, score, mark metadata; no unsafe self-rewrite"}
2026-05-10 14:25:38 SHMRY intelligence audit complete: {"total_services": 151, "missing_stub_ready": 0, "action": "audit", "policy": "controlled mutation only: log, score, mark metadata; no unsafe self-rewrite"}
2026-05-10 14:26:38 SHMRY intelligence audit complete: {"total_services": 151, "missing_stub_ready": 0, "action": "audit", "policy": "controlled mutation only: log, score, mark metadata; no unsafe self-rewrite"}
2026-05-10 14:27:38 SHMRY intelligence audit complete: {"total_services": 151, "missing_stub_ready": 0, "action": "audit", "policy": "controlled mutation only: log, score, mark metadata; no unsafe self-rewrite"}
2026-05-10 14:28:38 SHMRY intelligence audit complete: {"total_services": 151, "missing_stub_ready": 0, "action": "audit", "policy": "controlled mutation only: log, score, mark metadata; no unsafe self-rewrite"}
2026-05-10 14:29:38 SHMRY intelligence audit complete: {"total_services": 151, "missing_stub_ready": 0, "action": "audit", "policy": "controlled mutation only: log, score, mark metadata; no unsafe self-rewrite"}
2026-05-10 14:30:38 SHMRY intelligence audit complete: {"total_services": 151, "missing_stub_ready": 0, "action": "audit", "policy": "controlled mutation only: log, score, mark metadata; no unsafe self-rewrite"}
2026-05-10 14:31:38 SHMRY intelligence audit complete: {"total_services": 151, "missing_stub_ready": 0, "action": "audit", "policy": "controlled mutation only: log, score, mark metadata; no unsafe self-rewrite"}
2026-05-10 14:32:38 SHMRY intelligence audit complete: {"total_services": 151, "missing_stub_ready": 0, "action": "audit", "policy": "controlled mutation only: log, score, mark metadata; no unsafe self-rewrite"}
2026-05-10 14:33:38 SHMRY intelligence audit complete: {"total_services": 151, "missing_stub_ready": 0, "action": "audit", "policy": "controlled mutation only: log, score, mark metadata; no unsafe self-rewrite"}
2026-05-10 14:34:38 SHMRY intelligence audit complete: {"total_services": 151, "missing_stub_ready": 0, "action": "audit", "policy": "controlled mutation only: log, score, mark metadata; no unsafe self-rewrite"}
2026-05-10 14:35:39 SHMRY intelligence audit complete: {"total_services": 151, "missing_stub_ready": 0, "action": "audit", "policy": "controlled mutation only: log, score, mark metadata; no unsafe self-rewrite"}
2026-05-10 14:36:39 SHMRY intelligence audit complete: {"total_services": 151, "missing_stub_ready": 0, "action": "audit", "policy": "controlled mutation only: log, score, mark metadata; no unsafe self-rewrite"}
2026-05-10 14:37:39 SHMRY intelligence audit complete: {"total_services": 151, "missing_stub_ready": 0, "action": "audit", "policy": "controlled mutation only: log, score, mark metadata; no unsafe self-rewrite"}
2026-05-10 14:38:39 SHMRY intelligence audit complete: {"total_services": 151, "missing_stub_ready": 0, "action": "audit", "policy": "controlled mutation only: log, score, mark metadata; no unsafe self-rewrite"}
2026-05-10 14:39:39 SHMRY intelligence audit complete: {"total_services": 151, "missing_stub_ready": 0, "action": "audit", "policy": "controlled mutation only: log, score, mark metadata; no unsafe self-rewrite"}
2026-05-10 14:40:39 SHMRY intelligence audit complete: {"total_services": 151, "missing_stub_ready": 0, "action": "audit", "policy": "controlled mutation only: log, score, mark metadata; no unsafe self-rewrite"}
2026-05-10 14:41:39 SHMRY intelligence audit complete: {"total_services": 151, "missing_stub_ready": 0, "action": "audit", "policy": "controlled mutation only: log, score, mark metadata; no unsafe self-rewrite"}
2026-05-10 14:42:39 SHMRY intelligence audit complete: {"total_services": 151, "missing_stub_ready": 0, "action": "audit", "policy": "controlled mutation only: log, score, mark metadata; no unsafe self-rewrite"}
2026-05-10 14:43:39 SHMRY intelligence audit complete: {"total_services": 151, "missing_stub_ready": 0, "action": "audit", "policy": "controlled mutation only: log, score, mark metadata; no unsafe self-rewrite"}
2026-05-10 14:44:39 SHMRY intelligence audit complete: {"total_services": 151, "missing_stub_ready": 0, "action": "audit", "policy": "controlled mutation only: log, score, mark metadata; no unsafe self-rewrite"}
2026-05-10 14:45:39 SHMRY intelligence audit complete: {"total_services": 151, "missing_stub_ready": 0, "action": "audit", "policy": "controlled mutation only: log, score, mark metadata; no unsafe self-rewrite"}
2026-05-10 14:46:39 SHMRY intelligence audit complete: {"total_services": 151, "missing_stub_ready": 0, "action": "audit", "policy": "controlled mutation only: log, score, mark metadata; no unsafe self-rewrite"}
2026-05-10 14:47:39 SHMRY intelligence audit complete: {"total_services": 151, "missing_stub_ready": 0, "action": "audit", "policy": "controlled mutation only: log, score, mark metadata; no unsafe self-rewrite"}
2026-05-10 14:48:39 SHMRY intelligence audit complete: {"total_services": 151, "missing_stub_ready": 0, "action": "audit", "policy": "controlled mutation only: log, score, mark metadata; no unsafe self-rewrite"}
2026-05-10 14:49:39 SHMRY intelligence audit complete: {"total_services": 151, "missing_stub_ready": 0, "action": "audit", "policy": "controlled mutation only: log, score, mark metadata; no unsafe self-rewrite"}
2026-05-10 14:50:39 SHMRY intelligence audit complete: {"total_services": 151, "missing_stub_ready": 0, "action": "audit", "policy": "controlled mutation only: log, score, mark metadata; no unsafe self-rewrite"}
2026-05-10 14:51:39 SHMRY intelligence audit complete: {"total_services": 151, "missing_stub_ready": 0, "action": "audit", "policy": "controlled mutation only: log, score, mark metadata; no unsafe self-rewrite"}
2026-05-10 14:52:40 SHMRY intelligence audit complete: {"total_services": 151, "missing_stub_ready": 0, "action": "audit", "policy": "controlled mutation only: log, score, mark metadata; no unsafe self-rewrite"}
2026-05-10 14:53:40 SHMRY intelligence audit complete: {"total_services": 151, "missing_stub_ready": 0, "action": "audit", "policy": "controlled mutation only: log, score, mark metadata; no unsafe self-rewrite"}
2026-05-10 14:54:40 SHMRY intelligence audit complete: {"total_services": 151, "missing_stub_ready": 0, "action": "audit", "policy": "controlled mutation only: log, score, mark metadata; no unsafe self-rewrite"}
2026-05-10 14:56:19 SHMRY intelligence audit complete: {"total_services": 151, "missing_stub_ready": 0, "action": "audit", "policy": "controlled mutation only: log, score, mark metadata; no unsafe self-rewrite"}
2026-05-10 14:57:19 SHMRY intelligence audit complete: {"total_services": 151, "missing_stub_ready": 0, "action": "audit", "policy": "controlled mutation only: log, score, mark metadata; no unsafe self-rewrite"}
2026-05-10 14:58:19 SHMRY intelligence audit complete: {"total_services": 151, "missing_stub_ready": 0, "action": "audit", "policy": "controlled mutation only: log, score, mark metadata; no unsafe self-rewrite"}
2026-05-10 14:59:19 SHMRY intelligence audit complete: {"total_services": 151, "missing_stub_ready": 0, "action": "audit", "policy": "controlled mutation only: log, score, mark metadata; no unsafe self-rewrite"}
2026-05-10 15:00:19 SHMRY intelligence audit complete: {"total_services": 151, "missing_stub_ready": 0, "action": "audit", "policy": "controlled mutation only: log, score, mark metadata; no unsafe self-rewrite"}
2026-05-10 15:01:19 SHMRY intelligence audit complete: {"total_services": 151, "missing_stub_ready": 0, "action": "audit", "policy": "controlled mutation only: log, score, mark metadata; no unsafe self-rewrite"}
2026-05-10 15:02:19 SHMRY intelligence audit complete: {"total_services": 151, "missing_stub_ready": 0, "action": "audit", "policy": "controlled mutation only: log, score, mark metadata; no unsafe self-rewrite"}
2026-05-10 15:03:19 SHMRY intelligence audit complete: {"total_services": 151, "missing_stub_ready": 0, "action": "audit", "policy": "controlled mutation only: log, score, mark metadata; no unsafe self-rewrite"}
2026-05-10 15:04:19 SHMRY intelligence audit complete: {"total_services": 151, "missing_stub_ready": 0, "action": "audit", "policy": "controlled mutation only: log, score, mark metadata; no unsafe self-rewrite"}
2026-05-10 15:05:19 SHMRY intelligence audit complete: {"total_services": 151, "missing_stub_ready": 0, "action": "audit", "policy": "controlled mutation only: log, score, mark metadata; no unsafe self-rewrite"}
2026-05-10 15:06:19 SHMRY intelligence audit complete: {"total_services": 151, "missing_stub_ready": 0, "action": "audit", "policy": "controlled mutation only: log, score, mark metadata; no unsafe self-rewrite"}
2026-05-10 15:07:19 SHMRY intelligence audit complete: {"total_services": 151, "missing_stub_ready": 0, "action": "audit", "policy": "controlled mutation only: log, score, mark metadata; no unsafe self-rewrite"}
2026-05-10 15:08:19 SHMRY intelligence audit complete: {"total_services": 151, "missing_stub_ready": 0, "action": "audit", "policy": "controlled mutation only: log, score, mark metadata; no unsafe self-rewrite"}
2026-05-10 15:09:20 SHMRY intelligence audit complete: {"total_services": 151, "missing_stub_ready": 0, "action": "audit", "policy": "controlled mutation only: log, score, mark metadata; no unsafe self-rewrite"}
2026-05-10 15:10:20 SHMRY intelligence audit complete: {"total_services": 151, "missing_stub_ready": 0, "action": "audit", "policy": "controlled mutation only: log, score, mark metadata; no unsafe self-rewrite"}
2026-05-10 15:11:20 SHMRY intelligence audit complete: {"total_services": 151, "missing_stub_ready": 0, "action": "audit", "policy": "controlled mutation only: log, score, mark metadata; no unsafe self-rewrite"}
2026-05-10 15:12:20 SHMRY intelligence audit complete: {"total_services": 151, "missing_stub_ready": 0, "action": "audit", "policy": "controlled mutation only: log, score, mark metadata; no unsafe self-rewrite"}
2026-05-10 15:13:20 SHMRY intelligence audit complete: {"total_services": 151, "missing_stub_ready": 0, "action": "audit", "policy": "controlled mutation only: log, score, mark metadata; no unsafe self-rewrite"}
2026-05-10 15:14:20 SHMRY intelligence audit complete: {"total_services": 151, "missing_stub_ready": 0, "action": "audit", "policy": "controlled mutation only: log, score, mark metadata; no unsafe self-rewrite"}
2026-05-10 15:15:20 SHMRY intelligence audit complete: {"total_services": 151, "missing_stub_ready": 0, "action": "audit", "policy": "controlled mutation only: log, score, mark metadata; no unsafe self-rewrite"}
2026-05-10 15:16:20 SHMRY intelligence audit complete: {"total_services": 151, "missing_stub_ready": 0, "action": "audit", "policy": "controlled mutation only: log, score, mark metadata; no unsafe self-rewrite"}
2026-05-10 15:17:20 SHMRY intelligence audit complete: {"total_services": 151, "missing_stub_ready": 0, "action": "audit", "policy": "controlled mutation only: log, score, mark metadata; no unsafe self-rewrite"}
2026-05-10 15:20:06 ✅ Scholarship Mutation: Integrated 25th Amendment context. New Mastery: 0.69
2026-05-10 15:20:06 SHMRY intelligence audit complete: {"total_services": 151, "missing_stub_ready": 0, "action": "audit", "policy": "controlled mutation"}
2026-05-10 15:20:08 ✅ Scholarship Mutation: Integrated 25th Amendment context. New Mastery: 0.7
2026-05-10 15:20:08 SHMRY intelligence audit complete: {"total_services": 151, "missing_stub_ready": 0, "action": "audit", "policy": "controlled mutation"}
2026-05-10 15:21:06 SHMRY intelligence audit complete: {"total_services": 151, "missing_stub_ready": 0, "action": "audit", "policy": "controlled mutation"}
2026-05-10 15:21:09 SHMRY intelligence audit complete: {"total_services": 151, "missing_stub_ready": 0, "action": "audit", "policy": "controlled mutation"}
2026-05-10 15:21:10 SHMRY intelligence audit complete: {"total_services": 151, "missing_stub_ready": 0, "action": "audit", "policy": "controlled mutation only: log, score, mark metadata; no unsafe self-rewrite"}
2026-05-10 15:22:06 SHMRY intelligence audit complete: {"total_services": 151, "missing_stub_ready": 0, "action": "audit", "policy": "controlled mutation"}
2026-05-10 15:22:09 SHMRY intelligence audit complete: {"total_services": 151, "missing_stub_ready": 0, "action": "audit", "policy": "controlled mutation"}
2026-05-10 15:22:10 SHMRY intelligence audit complete: {"total_services": 151, "missing_stub_ready": 0, "action": "audit", "policy": "controlled mutation only: log, score, mark metadata; no unsafe self-rewrite"}
2026-05-10 15:23:06 SHMRY intelligence audit complete: {"total_services": 151, "missing_stub_ready": 0, "action": "audit", "policy": "controlled mutation"}
2026-05-10 15:23:09 SHMRY intelligence audit complete: {"total_services": 151, "missing_stub_ready": 0, "action": "audit", "policy": "controlled mutation"}
2026-05-10 15:23:10 SHMRY intelligence audit complete: {"total_services": 151, "missing_stub_ready": 0, "action": "audit", "policy": "controlled mutation only: log, score, mark metadata; no unsafe self-rewrite"}
2026-05-10 15:23:22 SHMRY intelligence audit complete: {"total_services": 151, "missing_stub_ready": 0, "action": "audit", "policy": "controlled mutation only: log, score, mark metadata; no unsafe self-rewrite"}
2026-05-10 15:23:25 SHMRY intelligence audit complete: {"total_services": 151, "missing_stub_ready": 0, "action": "audit", "policy": "controlled mutation only: log, score, mark metadata; no unsafe self-rewrite"}
2026-05-10 15:24:22 SHMRY intelligence audit complete: {"total_services": 151, "missing_stub_ready": 0, "action": "audit", "policy": "controlled mutation only: log, score, mark metadata; no unsafe self-rewrite"}
2026-05-10 15:24:25 SHMRY intelligence audit complete: {"total_services": 151, "missing_stub_ready": 0, "action": "audit", "policy": "controlled mutation only: log, score, mark metadata; no unsafe self-rewrite"}
2026-05-10 15:25:01 SHMRY intelligence audit complete: {"total_services": 151, "missing_stub_ready": 0, "action": "audit", "policy": "controlled mutation only: log, score, mark metadata; no unsafe self-rewrite"}
2026-05-10 15:25:02 SHMRY intelligence audit complete: {"total_services": 151, "missing_stub_ready": 0, "action": "audit", "policy": "controlled mutation only: log, score, mark metadata; no unsafe self-rewrite"}
2026-05-10 15:25:27 SHMRY intelligence audit complete: {"total_services": 151, "missing_stub_ready": 0, "action": "audit", "policy": "controlled mutation only: log, score, mark metadata; no unsafe self-rewrite"}
2026-05-10 15:25:31 SHMRY intelligence audit complete: {"total_services": 151, "missing_stub_ready": 0, "action": "audit", "policy": "controlled mutation only: log, score, mark metadata; no unsafe self-rewrite"}
2026-05-10 15:25:48 SHMRY intelligence audit complete: {"total_services": 151, "missing_stub_ready": 0, "action": "audit", "policy": "controlled mutation only: log, score, mark metadata; no unsafe self-rewrite"}
2026-05-10 15:25:49 SHMRY intelligence audit complete: {"total_services": 151, "missing_stub_ready": 0, "action": "audit", "policy": "controlled mutation only: log, score, mark metadata; no unsafe self-rewrite"}
2026-05-10 15:26:48 SHMRY intelligence audit complete: {"total_services": 151, "missing_stub_ready": 0, "action": "audit", "policy": "controlled mutation only: log, score, mark metadata; no unsafe self-rewrite"}
2026-05-10 15:26:49 SHMRY intelligence audit complete: {"total_services": 151, "missing_stub_ready": 0, "action": "audit", "policy": "controlled mutation only: log, score, mark metadata; no unsafe self-rewrite"}
2026-05-10 15:27:48 SHMRY intelligence audit complete: {"total_services": 151, "missing_stub_ready": 0, "action": "audit", "policy": "controlled mutation only: log, score, mark metadata; no unsafe self-rewrite"}
2026-05-10 15:27:49 SHMRY intelligence audit complete: {"total_services": 151, "missing_stub_ready": 0, "action": "audit", "policy": "controlled mutation only: log, score, mark metadata; no unsafe self-rewrite"}
2026-05-10 15:28:48 SHMRY intelligence audit complete: {"total_services": 151, "missing_stub_ready": 0, "action": "audit", "policy": "controlled mutation only: log, score, mark metadata; no unsafe self-rewrite"}
2026-05-10 15:28:49 SHMRY intelligence audit complete: {"total_services": 151, "missing_stub_ready": 0, "action": "audit", "policy": "controlled mutation only: log, score, mark metadata; no unsafe self-rewrite"}
2026-05-10 15:29:41 ✅ Scholarship Mutation: Context integrated. New Mastery: 0.71
2026-05-10 15:29:41 SHMRY intelligence audit complete: {"total_services": 151, "missing_stub_ready": 0, "action": "audit", "policy": "controlled mutation only: log, score, mark metadata; no unsafe self-rewrite"}
2026-05-10 15:29:44 ✅ Scholarship Mutation: Context integrated. New Mastery: 0.72
2026-05-10 15:29:44 SHMRY intelligence audit complete: {"total_services": 151, "missing_stub_ready": 0, "action": "audit", "policy": "controlled mutation only: log, score, mark metadata; no unsafe self-rewrite"}
2026-05-10 15:30:41 ✅ Scholarship Mutation: Context integrated. New Mastery: 0.73
2026-05-10 15:30:41 SHMRY intelligence audit complete: {"total_services": 151, "missing_stub_ready": 0, "action": "audit", "policy": "controlled mutation only: log, score, mark metadata; no unsafe self-rewrite"}
2026-05-10 15:30:44 ✅ Scholarship Mutation: Context integrated. New Mastery: 0.74
2026-05-10 15:30:44 SHMRY intelligence audit complete: {"total_services": 151, "missing_stub_ready": 0, "action": "audit", "policy": "controlled mutation only: log, score, mark metadata; no unsafe self-rewrite"}
2026-05-10 15:31:41 ✅ Scholarship Mutation: Context integrated. New Mastery: 0.75
2026-05-10 15:31:41 SHMRY intelligence audit complete: {"total_services": 151, "missing_stub_ready": 0, "action": "audit", "policy": "controlled mutation only: log, score, mark metadata; no unsafe self-rewrite"}
2026-05-10 15:31:44 SHMRY intelligence audit complete: {"total_services": 151, "missing_stub_ready": 0, "action": "audit", "policy": "controlled mutation only: log, score, mark metadata; no unsafe self-rewrite"}
2026-05-10 15:32:41 SHMRY intelligence audit complete: {"total_services": 151, "missing_stub_ready": 0, "action": "audit", "policy": "controlled mutation only: log, score, mark metadata; no unsafe self-rewrite"}
2026-05-10 15:32:44 SHMRY intelligence audit complete: {"total_services": 151, "missing_stub_ready": 0, "action": "audit", "policy": "controlled mutation only: log, score, mark metadata; no unsafe self-rewrite"}
2026-05-10 15:33:41 SHMRY intelligence audit complete: {"total_services": 151, "missing_stub_ready": 0, "action": "audit", "policy": "controlled mutation only: log, score, mark metadata; no unsafe self-rewrite"}
2026-05-10 15:33:44 SHMRY intelligence audit complete: {"total_services": 151, "missing_stub_ready": 0, "action": "audit", "policy": "controlled mutation only: log, score, mark metadata; no unsafe self-rewrite"}
2026-05-10 15:34:41 SHMRY intelligence audit complete: {"total_services": 151, "missing_stub_ready": 0, "action": "audit", "policy": "controlled mutation only: log, score, mark metadata; no unsafe self-rewrite"}
2026-05-10 15:34:44 SHMRY intelligence audit complete: {"total_services": 151, "missing_stub_ready": 0, "action": "audit", "policy": "controlled mutation only: log, score, mark metadata; no unsafe self-rewrite"}
2026-05-10 15:35:41 SHMRY intelligence audit complete: {"total_services": 151, "missing_stub_ready": 0, "action": "audit", "policy": "controlled mutation only: log, score, mark metadata; no unsafe self-rewrite"}
2026-05-10 15:35:44 SHMRY intelligence audit complete: {"total_services": 151, "missing_stub_ready": 0, "action": "audit", "policy": "controlled mutation only: log, score, mark metadata; no unsafe self-rewrite"}
2026-05-10 15:36:41 SHMRY intelligence audit complete: {"total_services": 151, "missing_stub_ready": 0, "action": "audit", "policy": "controlled mutation only: log, score, mark metadata; no unsafe self-rewrite"}
2026-05-10 15:36:44 SHMRY intelligence audit complete: {"total_services": 151, "missing_stub_ready": 0, "action": "audit", "policy": "controlled mutation only: log, score, mark metadata; no unsafe self-rewrite"}
2026-05-10 15:37:41 SHMRY intelligence audit complete: {"total_services": 151, "missing_stub_ready": 0, "action": "audit", "policy": "controlled mutation only: log, score, mark metadata; no unsafe self-rewrite"}
2026-05-10 15:37:44 SHMRY intelligence audit complete: {"total_services": 151, "missing_stub_ready": 0, "action": "audit", "policy": "controlled mutation only: log, score, mark metadata; no unsafe self-rewrite"}
2026-05-10 15:38:41 SHMRY intelligence audit complete: {"total_services": 151, "missing_stub_ready": 0, "action": "audit", "policy": "controlled mutation only: log, score, mark metadata; no unsafe self-rewrite"}
2026-05-10 15:38:44 SHMRY intelligence audit complete: {"total_services": 151, "missing_stub_ready": 0, "action": "audit", "policy": "controlled mutation only: log, score, mark metadata; no unsafe self-rewrite"}
2026-05-10 15:39:41 SHMRY intelligence audit complete: {"total_services": 151, "missing_stub_ready": 0, "action": "audit", "policy": "controlled mutation only: log, score, mark metadata; no unsafe self-rewrite"}
2026-05-10 15:39:44 SHMRY intelligence audit complete: {"total_services": 151, "missing_stub_ready": 0, "action": "audit", "policy": "controlled mutation only: log, score, mark metadata; no unsafe self-rewrite"}
2026-05-10 15:40:42 SHMRY intelligence audit complete: {"total_services": 151, "missing_stub_ready": 0, "action": "audit", "policy": "controlled mutation only: log, score, mark metadata; no unsafe self-rewrite"}
2026-05-10 15:40:44 SHMRY intelligence audit complete: {"total_services": 151, "missing_stub_ready": 0, "action": "audit", "policy": "controlled mutation only: log, score, mark metadata; no unsafe self-rewrite"}
2026-05-10 15:41:12 SHMRY intelligence audit complete: {"total_services": 151, "missing_stub_ready": 0, "action": "audit", "policy": "controlled mutation only: log, score, mark metadata; no unsafe self-rewrite"}
2026-05-10 15:41:16 SHMRY intelligence audit complete: {"total_services": 151, "missing_stub_ready": 0, "action": "audit", "policy": "controlled mutation only: log, score, mark metadata; no unsafe self-rewrite"}
2026-05-10 15:42:13 SHMRY intelligence audit complete: {"total_services": 151, "missing_stub_ready": 0, "action": "audit", "policy": "controlled mutation only: log, score, mark metadata; no unsafe self-rewrite"}
2026-05-10 15:42:16 SHMRY intelligence audit complete: {"total_services": 151, "missing_stub_ready": 0, "action": "audit", "policy": "controlled mutation only: log, score, mark metadata; no unsafe self-rewrite"}
2026-05-10 15:42:30 SHMRY intelligence audit complete: {"total_services": 151, "missing_stub_ready": 0, "action": "audit", "policy": "controlled mutation only: log, score, mark metadata; no unsafe self-rewrite"}
2026-05-10 15:42:34 SHMRY intelligence audit complete: {"total_services": 151, "missing_stub_ready": 0, "action": "audit", "policy": "controlled mutation only: log, score, mark metadata; no unsafe self-rewrite"}
2026-05-10 15:43:30 SHMRY intelligence audit complete: {"total_services": 151, "missing_stub_ready": 0, "action": "audit", "policy": "controlled mutation only: log, score, mark metadata; no unsafe self-rewrite"}
2026-05-10 15:43:34 SHMRY intelligence audit complete: {"total_services": 151, "missing_stub_ready": 0, "action": "audit", "policy": "controlled mutation only: log, score, mark metadata; no unsafe self-rewrite"}
2026-05-10 15:44:30 SHMRY intelligence audit complete: {"total_services": 151, "missing_stub_ready": 0, "action": "audit", "policy": "controlled mutation only: log, score, mark metadata; no unsafe self-rewrite"}
2026-05-10 15:44:34 SHMRY intelligence audit complete: {"total_services": 151, "missing_stub_ready": 0, "action": "audit", "policy": "controlled mutation only: log, score, mark metadata; no unsafe self-rewrite"}
2026-05-10 15:45:34 SHMRY intelligence audit complete: {"total_services": 151, "missing_stub_ready": 0, "action": "audit", "policy": "controlled mutation only: log, score, mark metadata; no unsafe self-rewrite"}
2026-05-10 15:46:34 SHMRY intelligence audit complete: {"total_services": 151, "missing_stub_ready": 0, "action": "audit", "policy": "controlled mutation only: log, score, mark metadata; no unsafe self-rewrite"}
2026-05-10 15:48:00 SHMRY intelligence audit complete: {"total_services": 151, "missing_stub_ready": 0, "action": "audit", "policy": "controlled mutation only: log, score, mark metadata; no unsafe self-rewrite"}
2026-05-10 15:49:00 SHMRY intelligence audit complete: {"total_services": 151, "missing_stub_ready": 0, "action": "audit", "policy": "controlled mutation only: log, score, mark metadata; no unsafe self-rewrite"}
2026-05-10 15:50:00 SHMRY intelligence audit complete: {"total_services": 151, "missing_stub_ready": 0, "action": "audit", "policy": "controlled mutation only: log, score, mark metadata; no unsafe self-rewrite"}
2026-05-10 15:53:01 SHMRY intelligence audit complete: {"total_services": 151, "missing_stub_ready": 0, "action": "audit", "policy": "controlled mutation only: log, score, mark metadata; no unsafe self-rewrite"}
2026-05-10 15:54:01 SHMRY intelligence audit complete: {"total_services": 151, "missing_stub_ready": 0, "action": "audit", "policy": "controlled mutation only: log, score, mark metadata; no unsafe self-rewrite"}
2026-05-10 15:58:48 SHMRY intelligence audit complete: {"total_services": 151, "missing_stub_ready": 0, "action": "audit", "policy": "controlled mutation only: log, score, mark metadata; no unsafe self-rewrite"}
2026-05-10 15:59:48 SHMRY intelligence audit complete: {"total_services": 151, "missing_stub_ready": 0, "action": "audit", "policy": "controlled mutation only: log, score, mark metadata; no unsafe self-rewrite"}
2026-05-10 16:00:48 SHMRY intelligence audit complete: {"total_services": 151, "missing_stub_ready": 0, "action": "audit", "policy": "controlled mutation only: log, score, mark metadata; no unsafe self-rewrite"}
2026-05-10 16:01:48 SHMRY intelligence audit complete: {"total_services": 151, "missing_stub_ready": 0, "action": "audit", "policy": "controlled mutation only: log, score, mark metadata; no unsafe self-rewrite"}
2026-05-10 16:02:48 SHMRY intelligence audit complete: {"total_services": 151, "missing_stub_ready": 0, "action": "audit", "policy": "controlled mutation only: log, score, mark metadata; no unsafe self-rewrite"}
2026-05-10 16:03:48 SHMRY intelligence audit complete: {"total_services": 151, "missing_stub_ready": 0, "action": "audit", "policy": "controlled mutation only: log, score, mark metadata; no unsafe self-rewrite"}
2026-05-10 16:04:48 SHMRY intelligence audit complete: {"total_services": 151, "missing_stub_ready": 0, "action": "audit", "policy": "controlled mutation only: log, score, mark metadata; no unsafe self-rewrite"}
2026-05-10 16:05:48 SHMRY intelligence audit complete: {"total_services": 151, "missing_stub_ready": 0, "action": "audit", "policy": "controlled mutation only: log, score, mark metadata; no unsafe self-rewrite"}
2026-05-10 16:06:49 SHMRY intelligence audit complete: {"total_services": 151, "missing_stub_ready": 0, "action": "audit", "policy": "controlled mutation only: log, score, mark metadata; no unsafe self-rewrite"}
2026-05-10 16:07:49 SHMRY intelligence audit complete: {"total_services": 151, "missing_stub_ready": 0, "action": "audit", "policy": "controlled mutation only: log, score, mark metadata; no unsafe self-rewrite"}
2026-05-10 16:08:49 SHMRY intelligence audit complete: {"total_services": 151, "missing_stub_ready": 0, "action": "audit", "policy": "controlled mutation only: log, score, mark metadata; no unsafe self-rewrite"}
2026-05-10 16:09:49 SHMRY intelligence audit complete: {"total_services": 151, "missing_stub_ready": 0, "action": "audit", "policy": "controlled mutation only: log, score, mark metadata; no unsafe self-rewrite"}
2026-05-10 16:10:49 SHMRY intelligence audit complete: {"total_services": 151, "missing_stub_ready": 0, "action": "audit", "policy": "controlled mutation only: log, score, mark metadata; no unsafe self-rewrite"}
2026-05-10 16:11:49 SHMRY intelligence audit complete: {"total_services": 151, "missing_stub_ready": 0, "action": "audit", "policy": "controlled mutation only: log, score, mark metadata; no unsafe self-rewrite"}
2026-05-10 16:12:49 SHMRY intelligence audit complete: {"total_services": 151, "missing_stub_ready": 0, "action": "audit", "policy": "controlled mutation only: log, score, mark metadata; no unsafe self-rewrite"}
2026-05-10 16:13:43 SHMRY intelligence audit complete: {"total_services": 151, "missing_stub_ready": 0, "action": "audit", "policy": "controlled mutation only: log, score, mark metadata; no unsafe self-rewrite"}
2026-05-10 16:14:43 SHMRY intelligence audit complete: {"total_services": 151, "missing_stub_ready": 0, "action": "audit", "policy": "controlled mutation only: log, score, mark metadata; no unsafe self-rewrite"}
2026-05-10 16:15:14 SHMRY intelligence audit complete: {"total_services": 151, "missing_stub_ready": 0, "action": "audit", "policy": "controlled mutation only: log, score, mark metadata; no unsafe self-rewrite"}
2026-05-10 16:16:14 SHMRY intelligence audit complete: {"total_services": 151, "missing_stub_ready": 0, "action": "audit", "policy": "controlled mutation only: log, score, mark metadata; no unsafe self-rewrite"}
2026-05-10 16:17:14 SHMRY intelligence audit complete: {"total_services": 151, "missing_stub_ready": 0, "action": "audit", "policy": "controlled mutation only: log, score, mark metadata; no unsafe self-rewrite"}
2026-05-10 16:18:14 SHMRY intelligence audit complete: {"total_services": 151, "missing_stub_ready": 0, "action": "audit", "policy": "controlled mutation only: log, score, mark metadata; no unsafe self-rewrite"}
2026-05-10 16:19:14 SHMRY intelligence audit complete: {"total_services": 151, "missing_stub_ready": 0, "action": "audit", "policy": "controlled mutation only: log, score, mark metadata; no unsafe self-rewrite"}
2026-05-10 16:20:14 SHMRY intelligence audit complete: {"total_services": 151, "missing_stub_ready": 0, "action": "audit", "policy": "controlled mutation only: log, score, mark metadata; no unsafe self-rewrite"}
2026-05-10 16:21:15 SHMRY intelligence audit complete: {"total_services": 151, "missing_stub_ready": 0, "action": "audit", "policy": "controlled mutation only: log, score, mark metadata; no unsafe self-rewrite"}
2026-05-10 16:22:15 SHMRY intelligence audit complete: {"total_services": 151, "missing_stub_ready": 0, "action": "audit", "policy": "controlled mutation only: log, score, mark metadata; no unsafe self-rewrite"}
2026-05-10 16:23:15 SHMRY intelligence audit complete: {"total_services": 151, "missing_stub_ready": 0, "action": "audit", "policy": "controlled mutation only: log, score, mark metadata; no unsafe self-rewrite"}
2026-05-10 16:24:15 SHMRY intelligence audit complete: {"total_services": 151, "missing_stub_ready": 0, "action": "audit", "policy": "controlled mutation only: log, score, mark metadata; no unsafe self-rewrite"}
2026-05-10 16:25:15 SHMRY intelligence audit complete: {"total_services": 151, "missing_stub_ready": 0, "action": "audit", "policy": "controlled mutation only: log, score, mark metadata; no unsafe self-rewrite"}
2026-05-10 16:26:15 SHMRY intelligence audit complete: {"total_services": 151, "missing_stub_ready": 0, "action": "audit", "policy": "controlled mutation only: log, score, mark metadata; no unsafe self-rewrite"}
2026-05-10 16:27:15 SHMRY intelligence audit complete: {"total_services": 151, "missing_stub_ready": 0, "action": "audit", "policy": "controlled mutation only: log, score, mark metadata; no unsafe self-rewrite"}
2026-05-10 16:28:16 SHMRY intelligence audit complete: {"total_services": 151, "missing_stub_ready": 0, "action": "audit", "policy": "controlled mutation only: log, score, mark metadata; no unsafe self-rewrite"}
2026-05-10 16:29:16 SHMRY intelligence audit complete: {"total_services": 151, "missing_stub_ready": 0, "action": "audit", "policy": "controlled mutation only: log, score, mark metadata; no unsafe self-rewrite"}
2026-05-10 16:30:16 SHMRY intelligence audit complete: {"total_services": 151, "missing_stub_ready": 0, "action": "audit", "policy": "controlled mutation only: log, score, mark metadata; no unsafe self-rewrite"}
2026-05-10 16:31:16 SHMRY intelligence audit complete: {"total_services": 151, "missing_stub_ready": 0, "action": "audit", "policy": "controlled mutation only: log, score, mark metadata; no unsafe self-rewrite"}
2026-05-10 16:32:16 SHMRY intelligence audit complete: {"total_services": 151, "missing_stub_ready": 0, "action": "audit", "policy": "controlled mutation only: log, score, mark metadata; no unsafe self-rewrite"}
2026-05-10 16:33:16 SHMRY intelligence audit complete: {"total_services": 151, "missing_stub_ready": 0, "action": "audit", "policy": "controlled mutation only: log, score, mark metadata; no unsafe self-rewrite"}
2026-05-10 16:34:16 SHMRY intelligence audit complete: {"total_services": 151, "missing_stub_ready": 0, "action": "audit", "policy": "controlled mutation only: log, score, mark metadata; no unsafe self-rewrite"}
2026-05-10 16:35:16 SHMRY intelligence audit complete: {"total_services": 151, "missing_stub_ready": 0, "action": "audit", "policy": "controlled mutation only: log, score, mark metadata; no unsafe self-rewrite"}
2026-05-10 16:36:16 SHMRY intelligence audit complete: {"total_services": 151, "missing_stub_ready": 0, "action": "audit", "policy": "controlled mutation only: log, score, mark metadata; no unsafe self-rewrite"}
2026-05-10 16:37:16 SHMRY intelligence audit complete: {"total_services": 151, "missing_stub_ready": 0, "action": "audit", "policy": "controlled mutation only: log, score, mark metadata; no unsafe self-rewrite"}
2026-05-10 16:38:16 SHMRY intelligence audit complete: {"total_services": 151, "missing_stub_ready": 0, "action": "audit", "policy": "controlled mutation only: log, score, mark metadata; no unsafe self-rewrite"}
2026-05-10 16:39:16 SHMRY intelligence audit complete: {"total_services": 151, "missing_stub_ready": 0, "action": "audit", "policy": "controlled mutation only: log, score, mark metadata; no unsafe self-rewrite"}
2026-05-10 16:40:16 SHMRY intelligence audit complete: {"total_services": 151, "missing_stub_ready": 0, "action": "audit", "policy": "controlled mutation only: log, score, mark metadata; no unsafe self-rewrite"}
2026-05-10 16:41:16 SHMRY intelligence audit complete: {"total_services": 151, "missing_stub_ready": 0, "action": "audit", "policy": "controlled mutation only: log, score, mark metadata; no unsafe self-rewrite"}
2026-05-10 16:45:44 SHMRY intelligence audit complete: {"total_services": 151, "missing_stub_ready": 0, "action": "audit", "policy": "controlled mutation only: log, score, mark metadata; no unsafe self-rewrite"}
2026-05-10 16:46:44 SHMRY intelligence audit complete: {"total_services": 151, "missing_stub_ready": 0, "action": "audit", "policy": "controlled mutation only: log, score, mark metadata; no unsafe self-rewrite"}
2026-05-10 16:47:44 SHMRY intelligence audit complete: {"total_services": 151, "missing_stub_ready": 0, "action": "audit", "policy": "controlled mutation only: log, score, mark metadata; no unsafe self-rewrite"}
2026-05-10 16:48:44 SHMRY intelligence audit complete: {"total_services": 151, "missing_stub_ready": 0, "action": "audit", "policy": "controlled mutation only: log, score, mark metadata; no unsafe self-rewrite"}
2026-05-10 16:49:45 SHMRY intelligence audit complete: {"total_services": 151, "missing_stub_ready": 0, "action": "audit", "policy": "controlled mutation only: log, score, mark metadata; no unsafe self-rewrite"}
2026-05-10 16:50:45 SHMRY intelligence audit complete: {"total_services": 151, "missing_stub_ready": 0, "action": "audit", "policy": "controlled mutation only: log, score, mark metadata; no unsafe self-rewrite"}
2026-05-10 16:51:45 SHMRY intelligence audit complete: {"total_services": 151, "missing_stub_ready": 0, "action": "audit", "policy": "controlled mutation only: log, score, mark metadata; no unsafe self-rewrite"}
2026-05-10 16:52:45 SHMRY intelligence audit complete: {"total_services": 151, "missing_stub_ready": 0, "action": "audit", "policy": "controlled mutation only: log, score, mark metadata; no unsafe self-rewrite"}
2026-05-10 16:53:45 SHMRY intelligence audit complete: {"total_services": 151, "missing_stub_ready": 0, "action": "audit", "policy": "controlled mutation only: log, score, mark metadata; no unsafe self-rewrite"}
2026-05-10 16:54:45 SHMRY intelligence audit complete: {"total_services": 151, "missing_stub_ready": 0, "action": "audit", "policy": "controlled mutation only: log, score, mark metadata; no unsafe self-rewrite"}
2026-05-10 16:55:45 SHMRY intelligence audit complete: {"total_services": 151, "missing_stub_ready": 0, "action": "audit", "policy": "controlled mutation only: log, score, mark metadata; no unsafe self-rewrite"}
2026-05-10 16:56:45 SHMRY intelligence audit complete: {"total_services": 151, "missing_stub_ready": 0, "action": "audit", "policy": "controlled mutation only: log, score, mark metadata; no unsafe self-rewrite"}
2026-05-10 16:57:45 SHMRY intelligence audit complete: {"total_services": 151, "missing_stub_ready": 0, "action": "audit", "policy": "controlled mutation only: log, score, mark metadata; no unsafe self-rewrite"}
2026-05-10 16:58:45 SHMRY intelligence audit complete: {"total_services": 151, "missing_stub_ready": 0, "action": "audit", "policy": "controlled mutation only: log, score, mark metadata; no unsafe self-rewrite"}
2026-05-10 16:59:46 SHMRY intelligence audit complete: {"total_services": 151, "missing_stub_ready": 0, "action": "audit", "policy": "controlled mutation only: log, score, mark metadata; no unsafe self-rewrite"}
2026-05-10 17:00:46 SHMRY intelligence audit complete: {"total_services": 151, "missing_stub_ready": 0, "action": "audit", "policy": "controlled mutation only: log, score, mark metadata; no unsafe self-rewrite"}
2026-05-10 17:01:46 SHMRY intelligence audit complete: {"total_services": 151, "missing_stub_ready": 0, "action": "audit", "policy": "controlled mutation only: log, score, mark metadata; no unsafe self-rewrite"}
2026-05-10 17:02:46 SHMRY intelligence audit complete: {"total_services": 151, "missing_stub_ready": 0, "action": "audit", "policy": "controlled mutation only: log, score, mark metadata; no unsafe self-rewrite"}
2026-05-10 21:06:21 SHMRY intelligence audit complete: {"total_services": 151, "missing_stub_ready": 0, "action": "audit", "policy": "controlled mutation only: log, score, mark metadata; no unsafe self-rewrite"}
2026-05-10 21:07:22 SHMRY intelligence audit complete: {"total_services": 151, "missing_stub_ready": 0, "action": "audit", "policy": "controlled mutation only: log, score, mark metadata; no unsafe self-rewrite"}
2026-05-10 21:08:22 SHMRY intelligence audit complete: {"total_services": 151, "missing_stub_ready": 0, "action": "audit", "policy": "controlled mutation only: log, score, mark metadata; no unsafe self-rewrite"}
2026-05-10 21:09:22 SHMRY intelligence audit complete: {"total_services": 151, "missing_stub_ready": 0, "action": "audit", "policy": "controlled mutation only: log, score, mark metadata; no unsafe self-rewrite"}
2026-05-10 21:10:22 SHMRY intelligence audit complete: {"total_services": 151, "missing_stub_ready": 0, "action": "audit", "policy": "controlled mutation only: log, score, mark metadata; no unsafe self-rewrite"}
2026-05-10 21:11:22 SHMRY intelligence audit complete: {"total_services": 151, "missing_stub_ready": 0, "action": "audit", "policy": "controlled mutation only: log, score, mark metadata; no unsafe self-rewrite"}
2026-05-10 21:12:22 SHMRY intelligence audit complete: {"total_services": 151, "missing_stub_ready": 0, "action": "audit", "policy": "controlled mutation only: log, score, mark metadata; no unsafe self-rewrite"}
2026-05-10 21:13:22 SHMRY intelligence audit complete: {"total_services": 151, "missing_stub_ready": 0, "action": "audit", "policy": "controlled mutation only: log, score, mark metadata; no unsafe self-rewrite"}
2026-05-10 21:14:22 SHMRY intelligence audit complete: {"total_services": 151, "missing_stub_ready": 0, "action": "audit", "policy": "controlled mutation only: log, score, mark metadata; no unsafe self-rewrite"}
2026-05-10 21:15:23 SHMRY intelligence audit complete: {"total_services": 151, "missing_stub_ready": 0, "action": "audit", "policy": "controlled mutation only: log, score, mark metadata; no unsafe self-rewrite"}
2026-05-10 21:16:23 SHMRY intelligence audit complete: {"total_services": 151, "missing_stub_ready": 0, "action": "audit", "policy": "controlled mutation only: log, score, mark metadata; no unsafe self-rewrite"}
2026-05-10 21:17:23 SHMRY intelligence audit complete: {"total_services": 151, "missing_stub_ready": 0, "action": "audit", "policy": "controlled mutation only: log, score, mark metadata; no unsafe self-rewrite"}
2026-05-10 21:18:23 SHMRY intelligence audit complete: {"total_services": 151, "missing_stub_ready": 0, "action": "audit", "policy": "controlled mutation only: log, score, mark metadata; no unsafe self-rewrite"}
2026-05-10 21:19:24 SHMRY intelligence audit complete: {"total_services": 151, "missing_stub_ready": 0, "action": "audit", "policy": "controlled mutation only: log, score, mark metadata; no unsafe self-rewrite"}
2026-05-10 21:20:25 SHMRY intelligence audit complete: {"total_services": 151, "missing_stub_ready": 0, "action": "audit", "policy": "controlled mutation only: log, score, mark metadata; no unsafe self-rewrite"}
2026-05-10 21:21:25 SHMRY intelligence audit complete: {"total_services": 151, "missing_stub_ready": 0, "action": "audit", "policy": "controlled mutation only: log, score, mark metadata; no unsafe self-rewrite"}
2026-05-10 21:22:25 SHMRY intelligence audit complete: {"total_services": 151, "missing_stub_ready": 0, "action": "audit", "policy": "controlled mutation only: log, score, mark metadata; no unsafe self-rewrite"}
2026-05-10 21:23:25 SHMRY intelligence audit complete: {"total_services": 151, "missing_stub_ready": 0, "action": "audit", "policy": "controlled mutation only: log, score, mark metadata; no unsafe self-rewrite"}
2026-05-10 21:24:26 SHMRY intelligence audit complete: {"total_services": 151, "missing_stub_ready": 0, "action": "audit", "policy": "controlled mutation only: log, score, mark metadata; no unsafe self-rewrite"}
2026-05-10 21:25:26 SHMRY intelligence audit complete: {"total_services": 151, "missing_stub_ready": 0, "action": "audit", "policy": "controlled mutation only: log, score, mark metadata; no unsafe self-rewrite"}
2026-05-10 21:26:26 SHMRY intelligence audit complete: {"total_services": 151, "missing_stub_ready": 0, "action": "audit", "policy": "controlled mutation only: log, score, mark metadata; no unsafe self-rewrite"}
2026-05-10 21:27:26 SHMRY intelligence audit complete: {"total_services": 151, "missing_stub_ready": 0, "action": "audit", "policy": "controlled mutation only: log, score, mark metadata; no unsafe self-rewrite"}
2026-05-10 21:28:26 SHMRY intelligence audit complete: {"total_services": 151, "missing_stub_ready": 0, "action": "audit", "policy": "controlled mutation only: log, score, mark metadata; no unsafe self-rewrite"}
2026-05-10 21:29:26 SHMRY intelligence audit complete: {"total_services": 151, "missing_stub_ready": 0, "action": "audit", "policy": "controlled mutation only: log, score, mark metadata; no unsafe self-rewrite"}
2026-05-10 21:30:26 SHMRY intelligence audit complete: {"total_services": 151, "missing_stub_ready": 0, "action": "audit", "policy": "controlled mutation only: log, score, mark metadata; no unsafe self-rewrite"}
2026-05-10 21:31:26 SHMRY intelligence audit complete: {"total_services": 151, "missing_stub_ready": 0, "action": "audit", "policy": "controlled mutation only: log, score, mark metadata; no unsafe self-rewrite"}
2026-05-10 21:32:28 SHMRY intelligence audit complete: {"total_services": 151, "missing_stub_ready": 0, "action": "audit", "policy": "controlled mutation only: log, score, mark metadata; no unsafe self-rewrite"}
2026-05-10 21:33:28 SHMRY intelligence audit complete: {"total_services": 151, "missing_stub_ready": 0, "action": "audit", "policy": "controlled mutation only: log, score, mark metadata; no unsafe self-rewrite"}
2026-05-10 21:34:28 SHMRY intelligence audit complete: {"total_services": 151, "missing_stub_ready": 0, "action": "audit", "policy": "controlled mutation only: log, score, mark metadata; no unsafe self-rewrite"}
2026-05-10 21:35:28 SHMRY intelligence audit complete: {"total_services": 151, "missing_stub_ready": 0, "action": "audit", "policy": "controlled mutation only: log, score, mark metadata; no unsafe self-rewrite"}
2026-05-10 21:36:28 SHMRY intelligence audit complete: {"total_services": 151, "missing_stub_ready": 0, "action": "audit", "policy": "controlled mutation only: log, score, mark metadata; no unsafe self-rewrite"}
2026-05-10 21:37:28 SHMRY intelligence audit complete: {"total_services": 151, "missing_stub_ready": 0, "action": "audit", "policy": "controlled mutation only: log, score, mark metadata; no unsafe self-rewrite"}
2026-05-10 21:38:28 SHMRY intelligence audit complete: {"total_services": 151, "missing_stub_ready": 0, "action": "audit", "policy": "controlled mutation only: log, score, mark metadata; no unsafe self-rewrite"}
2026-05-10 21:39:28 SHMRY intelligence audit complete: {"total_services": 151, "missing_stub_ready": 0, "action": "audit", "policy": "controlled mutation only: log, score, mark metadata; no unsafe self-rewrite"}
2026-05-10 21:40:28 SHMRY intelligence audit complete: {"total_services": 151, "missing_stub_ready": 0, "action": "audit", "policy": "controlled mutation only: log, score, mark metadata; no unsafe self-rewrite"}
2026-05-10 21:41:28 SHMRY intelligence audit complete: {"total_services": 151, "missing_stub_ready": 0, "action": "audit", "policy": "controlled mutation only: log, score, mark metadata; no unsafe self-rewrite"}
2026-05-10 21:42:28 SHMRY intelligence audit complete: {"total_services": 151, "missing_stub_ready": 0, "action": "audit", "policy": "controlled mutation only: log, score, mark metadata; no unsafe self-rewrite"}
